{"C:\\Users\\Nikhil\\CPASS\\cpaas-web-app\\src\\index.jsx": {"path":"C:\\Users\\Nikhil\\CPASS\\cpaas-web-app\\src\\index.jsx","statementMap":{"0":{"start":{"line":7,"column":22},"end":{"line":7,"column":32}},"1":{"start":{"line":8,"column":0},"end":{"line":8,"column":26}},"2":{"start":{"line":10,"column":0},"end":{"line":15,"column":2}}},"fnMap":{},"branchMap":{},"s":{"0":0,"1":0,"2":0},"f":{},"b":{},"hash":"70d515ef1943fc1e57d527520c5b8cd926444163"}
,"C:\\Users\\Nikhil\\CPASS\\cpaas-web-app\\src\\UI_Frontendlib\\atoms\\RatingsButton\\index.js": {"path":"C:\\Users\\Nikhil\\CPASS\\cpaas-web-app\\src\\UI_Frontendlib\\atoms\\RatingsButton\\index.js","statementMap":{"0":{"start":{"line":4,"column":0},"end":{"line":4,"column":23}},"1":{"start":{"line":8,"column":8},"end":{"line":8,"column":21}},"2":{"start":{"line":9,"column":8},"end":{"line":9,"column":41}},"3":{"start":{"line":13,"column":8},"end":{"line":13,"column":34}},"4":{"start":{"line":21,"column":8},"end":{"line":23,"column":9}},"5":{"start":{"line":22,"column":12},"end":{"line":22,"column":34}},"6":{"start":{"line":28,"column":32},"end":{"line":28,"column":42}},"7":{"start":{"line":30,"column":8},"end":{"line":32,"column":9}},"8":{"start":{"line":31,"column":12},"end":{"line":31,"column":24}},"9":{"start":{"line":34,"column":8},"end":{"line":34,"column":73}},"10":{"start":{"line":34,"column":33},"end":{"line":34,"column":73}},"11":{"start":{"line":36,"column":8},"end":{"line":41,"column":9}},"12":{"start":{"line":45,"column":0},"end":{"line":48,"column":1}}},"fnMap":{"0":{"name":"(anonymous_0)","decl":{"start":{"line":7,"column":4},"end":{"line":7,"column":5}},"loc":{"start":{"line":7,"column":23},"end":{"line":10,"column":5}},"line":7},"1":{"name":"(anonymous_1)","decl":{"start":{"line":12,"column":4},"end":{"line":12,"column":5}},"loc":{"start":{"line":12,"column":43},"end":{"line":14,"column":5}},"line":12},"2":{"name":"(anonymous_2)","decl":{"start":{"line":16,"column":4},"end":{"line":16,"column":5}},"loc":{"start":{"line":16,"column":40},"end":{"line":18,"column":5}},"line":16},"3":{"name":"(anonymous_3)","decl":{"start":{"line":20,"column":4},"end":{"line":20,"column":5}},"loc":{"start":{"line":20,"column":18},"end":{"line":25,"column":5}},"line":20},"4":{"name":"(anonymous_4)","decl":{"start":{"line":27,"column":4},"end":{"line":27,"column":5}},"loc":{"start":{"line":27,"column":13},"end":{"line":42,"column":5}},"line":27}},"branchMap":{"0":{"loc":{"start":{"line":21,"column":8},"end":{"line":23,"column":9}},"type":"if","locations":[{"start":{"line":21,"column":8},"end":{"line":23,"column":9}},{"start":{"line":21,"column":8},"end":{"line":23,"column":9}}],"line":21},"1":{"loc":{"start":{"line":28,"column":16},"end":{"line":28,"column":27}},"type":"default-arg","locations":[{"start":{"line":28,"column":24},"end":{"line":28,"column":27}}],"line":28},"2":{"loc":{"start":{"line":30,"column":8},"end":{"line":32,"column":9}},"type":"if","locations":[{"start":{"line":30,"column":8},"end":{"line":32,"column":9}},{"start":{"line":30,"column":8},"end":{"line":32,"column":9}}],"line":30},"3":{"loc":{"start":{"line":34,"column":8},"end":{"line":34,"column":73}},"type":"if","locations":[{"start":{"line":34,"column":8},"end":{"line":34,"column":73}},{"start":{"line":34,"column":8},"end":{"line":34,"column":73}}],"line":34}},"s":{"0":3,"1":2,"2":2,"3":0,"4":2,"5":2,"6":2,"7":2,"8":0,"9":2,"10":0,"11":2,"12":3},"f":{"0":2,"1":0,"2":0,"3":2,"4":2},"b":{"0":[2,0],"1":[2],"2":[0,2],"3":[0,2]},"_coverageSchema":"43e27e138ebf9cfc5966b082cf9a028302ed4184","hash":"e2ec1906d240ee09df9c609dbb5b750d3fca919a"}
,"C:\\Users\\Nikhil\\CPASS\\cpaas-web-app\\src\\UI_Frontendlib\\atoms\\linerprogress\\index.js": {"path":"C:\\Users\\Nikhil\\CPASS\\cpaas-web-app\\src\\UI_Frontendlib\\atoms\\linerprogress\\index.js","statementMap":{"0":{"start":{"line":6,"column":29},"end":{"line":18,"column":19}},"1":{"start":{"line":6,"column":52},"end":{"line":18,"column":1}},"2":{"start":{"line":20,"column":18},"end":{"line":24,"column":2}},"3":{"start":{"line":27,"column":20},"end":{"line":27,"column":31}},"4":{"start":{"line":29,"column":4},"end":{"line":31,"column":5}},"5":{"start":{"line":30,"column":8},"end":{"line":30,"column":20}},"6":{"start":{"line":33,"column":4},"end":{"line":37,"column":6}},"7":{"start":{"line":40,"column":0},"end":{"line":42,"column":1}}},"fnMap":{"0":{"name":"(anonymous_0)","decl":{"start":{"line":6,"column":40},"end":{"line":6,"column":41}},"loc":{"start":{"line":6,"column":52},"end":{"line":18,"column":1}},"line":6},"1":{"name":"CustomizedProgressBars","decl":{"start":{"line":26,"column":9},"end":{"line":26,"column":31}},"loc":{"start":{"line":26,"column":43},"end":{"line":38,"column":1}},"line":26}},"branchMap":{"0":{"loc":{"start":{"line":12,"column":44},"end":{"line":12,"column":86}},"type":"cond-expr","locations":[{"start":{"line":12,"column":77},"end":{"line":12,"column":80}},{"start":{"line":12,"column":83},"end":{"line":12,"column":86}}],"line":12},"1":{"loc":{"start":{"line":29,"column":4},"end":{"line":31,"column":5}},"type":"if","locations":[{"start":{"line":29,"column":4},"end":{"line":31,"column":5}},{"start":{"line":29,"column":4},"end":{"line":31,"column":5}}],"line":29}},"s":{"0":2,"1":0,"2":2,"3":2,"4":2,"5":1,"6":1,"7":2},"f":{"0":0,"1":2},"b":{"0":[0,0],"1":[1,1]},"_coverageSchema":"43e27e138ebf9cfc5966b082cf9a028302ed4184","hash":"2ef702bf422a03508535d47f1bb1bf185b3adcb6"}
,"C:\\Users\\Nikhil\\CPASS\\cpaas-web-app\\src\\UI_Frontendlib\\atoms\\ratings\\ratings.js": {"path":"C:\\Users\\Nikhil\\CPASS\\cpaas-web-app\\src\\UI_Frontendlib\\atoms\\ratings\\ratings.js","statementMap":{"0":{"start":{"line":10,"column":21},"end":{"line":17,"column":10}},"1":{"start":{"line":19,"column":20},"end":{"line":24,"column":1}},"2":{"start":{"line":28,"column":8},"end":{"line":28,"column":21}},"3":{"start":{"line":29,"column":8},"end":{"line":29,"column":41}},"4":{"start":{"line":33,"column":8},"end":{"line":33,"column":34}},"5":{"start":{"line":41,"column":64},"end":{"line":41,"column":74}},"6":{"start":{"line":43,"column":8},"end":{"line":45,"column":9}},"7":{"start":{"line":44,"column":12},"end":{"line":44,"column":24}},"8":{"start":{"line":46,"column":8},"end":{"line":46,"column":73}},"9":{"start":{"line":46,"column":33},"end":{"line":46,"column":73}},"10":{"start":{"line":47,"column":8},"end":{"line":55,"column":9}},"11":{"start":{"line":59,"column":0},"end":{"line":65,"column":1}}},"fnMap":{"0":{"name":"(anonymous_0)","decl":{"start":{"line":27,"column":4},"end":{"line":27,"column":5}},"loc":{"start":{"line":27,"column":23},"end":{"line":30,"column":5}},"line":27},"1":{"name":"(anonymous_1)","decl":{"start":{"line":32,"column":4},"end":{"line":32,"column":5}},"loc":{"start":{"line":32,"column":43},"end":{"line":34,"column":5}},"line":32},"2":{"name":"(anonymous_2)","decl":{"start":{"line":36,"column":4},"end":{"line":36,"column":5}},"loc":{"start":{"line":36,"column":40},"end":{"line":38,"column":5}},"line":36},"3":{"name":"(anonymous_3)","decl":{"start":{"line":40,"column":4},"end":{"line":40,"column":5}},"loc":{"start":{"line":40,"column":13},"end":{"line":56,"column":5}},"line":40}},"branchMap":{"0":{"loc":{"start":{"line":43,"column":8},"end":{"line":45,"column":9}},"type":"if","locations":[{"start":{"line":43,"column":8},"end":{"line":45,"column":9}},{"start":{"line":43,"column":8},"end":{"line":45,"column":9}}],"line":43},"1":{"loc":{"start":{"line":46,"column":8},"end":{"line":46,"column":73}},"type":"if","locations":[{"start":{"line":46,"column":8},"end":{"line":46,"column":73}},{"start":{"line":46,"column":8},"end":{"line":46,"column":73}}],"line":46},"2":{"loc":{"start":{"line":48,"column":28},"end":{"line":48,"column":61}},"type":"cond-expr","locations":[{"start":{"line":48,"column":40},"end":{"line":48,"column":49}},{"start":{"line":48,"column":52},"end":{"line":48,"column":61}}],"line":48},"3":{"loc":{"start":{"line":49,"column":17},"end":{"line":52,"column":110}},"type":"cond-expr","locations":[{"start":{"line":50,"column":20},"end":{"line":50,"column":119}},{"start":{"line":52,"column":20},"end":{"line":52,"column":110}}],"line":49}},"s":{"0":3,"1":3,"2":3,"3":3,"4":0,"5":3,"6":3,"7":1,"8":2,"9":0,"10":2,"11":3},"f":{"0":3,"1":0,"2":0,"3":3},"b":{"0":[1,2],"1":[0,2],"2":[0,2],"3":[2,0]},"_coverageSchema":"43e27e138ebf9cfc5966b082cf9a028302ed4184","hash":"8c08e5607e359a49477a6b91039f80ff63605688"}
,"C:\\Users\\Nikhil\\CPASS\\cpaas-web-app\\src\\UI_Frontendlib\\icons\\Icons\\IconArrowDown.js": {"path":"C:\\Users\\Nikhil\\CPASS\\cpaas-web-app\\src\\UI_Frontendlib\\icons\\Icons\\IconArrowDown.js","statementMap":{"0":{"start":{"line":3,"column":22},"end":{"line":10,"column":1}},"1":{"start":{"line":4,"column":2},"end":{"line":9,"column":8}}},"fnMap":{"0":{"name":"(anonymous_0)","decl":{"start":{"line":3,"column":22},"end":{"line":3,"column":23}},"loc":{"start":{"line":4,"column":2},"end":{"line":9,"column":8}},"line":4}},"branchMap":{},"s":{"0":1,"1":0},"f":{"0":0},"b":{},"_coverageSchema":"43e27e138ebf9cfc5966b082cf9a028302ed4184","hash":"6793e7e632d7e88ab12e90da9e098099788a864c"}
,"C:\\Users\\Nikhil\\CPASS\\cpaas-web-app\\src\\UI_Frontendlib\\icons\\Icons\\IconCross.js": {"path":"C:\\Users\\Nikhil\\CPASS\\cpaas-web-app\\src\\UI_Frontendlib\\icons\\Icons\\IconCross.js","statementMap":{"0":{"start":{"line":3,"column":18},"end":{"line":10,"column":1}},"1":{"start":{"line":4,"column":2},"end":{"line":9,"column":8}}},"fnMap":{"0":{"name":"(anonymous_0)","decl":{"start":{"line":3,"column":18},"end":{"line":3,"column":19}},"loc":{"start":{"line":4,"column":2},"end":{"line":9,"column":8}},"line":4}},"branchMap":{},"s":{"0":1,"1":0},"f":{"0":0},"b":{},"_coverageSchema":"43e27e138ebf9cfc5966b082cf9a028302ed4184","hash":"d4336e5e3390ebe7d330eb089e1af31c0bf020f7"}
,"C:\\Users\\Nikhil\\CPASS\\cpaas-web-app\\src\\UI_Frontendlib\\molecules\\AutoPlaySlider\\index.js": {"path":"C:\\Users\\Nikhil\\CPASS\\cpaas-web-app\\src\\UI_Frontendlib\\molecules\\AutoPlaySlider\\index.js","statementMap":{"0":{"start":{"line":8,"column":0},"end":{"line":8,"column":23}},"1":{"start":{"line":12,"column":25},"end":{"line":12,"column":35}},"2":{"start":{"line":13,"column":28},"end":{"line":13,"column":38}},"3":{"start":{"line":14,"column":8},"end":{"line":16,"column":9}},"4":{"start":{"line":15,"column":12},"end":{"line":15,"column":24}},"5":{"start":{"line":18,"column":8},"end":{"line":41,"column":9}},"6":{"start":{"line":45,"column":0},"end":{"line":55,"column":1}}},"fnMap":{"0":{"name":"(anonymous_0)","decl":{"start":{"line":11,"column":4},"end":{"line":11,"column":5}},"loc":{"start":{"line":11,"column":13},"end":{"line":42,"column":5}},"line":11}},"branchMap":{"0":{"loc":{"start":{"line":14,"column":8},"end":{"line":16,"column":9}},"type":"if","locations":[{"start":{"line":14,"column":8},"end":{"line":16,"column":9}},{"start":{"line":14,"column":8},"end":{"line":16,"column":9}}],"line":14}},"s":{"0":1,"1":2,"2":2,"3":2,"4":1,"5":1,"6":1},"f":{"0":2},"b":{"0":[1,1]},"_coverageSchema":"43e27e138ebf9cfc5966b082cf9a028302ed4184","hash":"326cc42f7fdc9c4992dc5edeb66f93e7bccbb4d7"}
,"C:\\Users\\Nikhil\\CPASS\\cpaas-web-app\\src\\UI_Frontendlib\\molecules\\Search\\index.jsx": {"path":"C:\\Users\\Nikhil\\CPASS\\cpaas-web-app\\src\\UI_Frontendlib\\molecules\\Search\\index.jsx","statementMap":{"0":{"start":{"line":3,"column":0},"end":{"line":3,"column":23}},"1":{"start":{"line":13,"column":41},"end":{"line":13,"column":51}},"2":{"start":{"line":14,"column":8},"end":{"line":16,"column":9}},"3":{"start":{"line":15,"column":12},"end":{"line":15,"column":23}},"4":{"start":{"line":17,"column":8},"end":{"line":21,"column":9}},"5":{"start":{"line":25,"column":0},"end":{"line":28,"column":1}}},"fnMap":{"0":{"name":"(anonymous_0)","decl":{"start":{"line":12,"column":4},"end":{"line":12,"column":5}},"loc":{"start":{"line":12,"column":13},"end":{"line":22,"column":5}},"line":12}},"branchMap":{"0":{"loc":{"start":{"line":14,"column":8},"end":{"line":16,"column":9}},"type":"if","locations":[{"start":{"line":14,"column":8},"end":{"line":16,"column":9}},{"start":{"line":14,"column":8},"end":{"line":16,"column":9}}],"line":14}},"s":{"0":2,"1":2,"2":2,"3":1,"4":1,"5":2},"f":{"0":2},"b":{"0":[1,1]},"_coverageSchema":"43e27e138ebf9cfc5966b082cf9a028302ed4184","hash":"9f69947bc135e86aedc61230bdb59cc38677950e"}
,"C:\\Users\\Nikhil\\CPASS\\cpaas-web-app\\src\\UI_Frontendlib\\molecules\\Slider\\Content.js": {"path":"C:\\Users\\Nikhil\\CPASS\\cpaas-web-app\\src\\UI_Frontendlib\\molecules\\Slider\\Content.js","statementMap":{"0":{"start":{"line":4,"column":0},"end":{"line":4,"column":25}},"1":{"start":{"line":6,"column":16},"end":{"line":31,"column":1}},"2":{"start":{"line":7,"column":2},"end":{"line":30,"column":9}}},"fnMap":{"0":{"name":"(anonymous_0)","decl":{"start":{"line":6,"column":16},"end":{"line":6,"column":17}},"loc":{"start":{"line":7,"column":2},"end":{"line":30,"column":9}},"line":7}},"branchMap":{"0":{"loc":{"start":{"line":17,"column":9},"end":{"line":17,"column":116}},"type":"binary-expr","locations":[{"start":{"line":17,"column":9},"end":{"line":17,"column":20}},{"start":{"line":17,"column":24},"end":{"line":17,"column":116}}],"line":17}},"s":{"0":1,"1":1,"2":0},"f":{"0":0},"b":{"0":[0,0]},"_coverageSchema":"43e27e138ebf9cfc5966b082cf9a028302ed4184","hash":"4231d6ab5d2916ca4ed9a706203b47eca63fc8d2"}
,"C:\\Users\\Nikhil\\CPASS\\cpaas-web-app\\src\\UI_Frontendlib\\molecules\\Slider\\Item.js": {"path":"C:\\Users\\Nikhil\\CPASS\\cpaas-web-app\\src\\UI_Frontendlib\\molecules\\Slider\\Item.js","statementMap":{"0":{"start":{"line":7,"column":0},"end":{"line":7,"column":22}},"1":{"start":{"line":9,"column":13},"end":{"line":33,"column":1}},"2":{"start":{"line":10,"column":2},"end":{"line":32,"column":27}},"3":{"start":{"line":12,"column":23},"end":{"line":12,"column":67}},"4":{"start":{"line":14,"column":6},"end":{"line":30,"column":8}},"5":{"start":{"line":20,"column":25},"end":{"line":20,"column":45}},"6":{"start":{"line":27,"column":44},"end":{"line":27,"column":64}}},"fnMap":{"0":{"name":"(anonymous_0)","decl":{"start":{"line":9,"column":13},"end":{"line":9,"column":14}},"loc":{"start":{"line":10,"column":2},"end":{"line":32,"column":27}},"line":10},"1":{"name":"(anonymous_1)","decl":{"start":{"line":11,"column":5},"end":{"line":11,"column":6}},"loc":{"start":{"line":11,"column":54},"end":{"line":31,"column":5}},"line":11},"2":{"name":"(anonymous_2)","decl":{"start":{"line":20,"column":19},"end":{"line":20,"column":20}},"loc":{"start":{"line":20,"column":25},"end":{"line":20,"column":45}},"line":20},"3":{"name":"(anonymous_3)","decl":{"start":{"line":27,"column":38},"end":{"line":27,"column":39}},"loc":{"start":{"line":27,"column":44},"end":{"line":27,"column":64}},"line":27}},"branchMap":{"0":{"loc":{"start":{"line":12,"column":23},"end":{"line":12,"column":67}},"type":"binary-expr","locations":[{"start":{"line":12,"column":23},"end":{"line":12,"column":35}},{"start":{"line":12,"column":39},"end":{"line":12,"column":67}}],"line":12},"1":{"loc":{"start":{"line":23,"column":11},"end":{"line":25,"column":16}},"type":"binary-expr","locations":[{"start":{"line":23,"column":11},"end":{"line":23,"column":25}},{"start":{"line":23,"column":29},"end":{"line":25,"column":16}}],"line":23},"2":{"loc":{"start":{"line":26,"column":12},"end":{"line":26,"column":65}},"type":"binary-expr","locations":[{"start":{"line":26,"column":12},"end":{"line":26,"column":23}},{"start":{"line":26,"column":27},"end":{"line":26,"column":65}}],"line":26},"3":{"loc":{"start":{"line":28,"column":11},"end":{"line":28,"column":31}},"type":"binary-expr","locations":[{"start":{"line":28,"column":11},"end":{"line":28,"column":19}},{"start":{"line":28,"column":23},"end":{"line":28,"column":31}}],"line":28}},"s":{"0":1,"1":1,"2":0,"3":0,"4":0,"5":0,"6":0},"f":{"0":0,"1":0,"2":0,"3":0},"b":{"0":[0,0],"1":[0,0],"2":[0,0],"3":[0,0]},"_coverageSchema":"43e27e138ebf9cfc5966b082cf9a028302ed4184","hash":"2d5d138252fbbf55e2c25ca034a75aa30670cc03"}
,"C:\\Users\\Nikhil\\CPASS\\cpaas-web-app\\src\\UI_Frontendlib\\molecules\\Slider\\Mark.js": {"path":"C:\\Users\\Nikhil\\CPASS\\cpaas-web-app\\src\\UI_Frontendlib\\molecules\\Slider\\Mark.js","statementMap":{"0":{"start":{"line":3,"column":0},"end":{"line":3,"column":22}},"1":{"start":{"line":5,"column":13},"end":{"line":5,"column":45}},"2":{"start":{"line":5,"column":20},"end":{"line":5,"column":44}}},"fnMap":{"0":{"name":"(anonymous_0)","decl":{"start":{"line":5,"column":13},"end":{"line":5,"column":14}},"loc":{"start":{"line":5,"column":20},"end":{"line":5,"column":44}},"line":5}},"branchMap":{},"s":{"0":1,"1":1,"2":0},"f":{"0":0},"b":{},"_coverageSchema":"43e27e138ebf9cfc5966b082cf9a028302ed4184","hash":"cf23bb723225ab923d88aeee7cfe68f129079dd9"}
,"C:\\Users\\Nikhil\\CPASS\\cpaas-web-app\\src\\UI_Frontendlib\\molecules\\Slider\\ShowDetailsButton.js": {"path":"C:\\Users\\Nikhil\\CPASS\\cpaas-web-app\\src\\UI_Frontendlib\\molecules\\Slider\\ShowDetailsButton.js","statementMap":{"0":{"start":{"line":4,"column":0},"end":{"line":4,"column":35}},"1":{"start":{"line":6,"column":26},"end":{"line":12,"column":1}},"2":{"start":{"line":7,"column":2},"end":{"line":11,"column":11}}},"fnMap":{"0":{"name":"(anonymous_0)","decl":{"start":{"line":6,"column":26},"end":{"line":6,"column":27}},"loc":{"start":{"line":7,"column":2},"end":{"line":11,"column":11}},"line":7}},"branchMap":{},"s":{"0":1,"1":1,"2":0},"f":{"0":0},"b":{},"_coverageSchema":"43e27e138ebf9cfc5966b082cf9a028302ed4184","hash":"cebd100581145a55cf857140fa5fa8dd887d1a92"}
,"C:\\Users\\Nikhil\\CPASS\\cpaas-web-app\\src\\UI_Frontendlib\\molecules\\Slider\\SlideButton.js": {"path":"C:\\Users\\Nikhil\\CPASS\\cpaas-web-app\\src\\UI_Frontendlib\\molecules\\Slider\\SlideButton.js","statementMap":{"0":{"start":{"line":4,"column":0},"end":{"line":4,"column":29}},"1":{"start":{"line":6,"column":20},"end":{"line":12,"column":1}},"2":{"start":{"line":7,"column":2},"end":{"line":11,"column":11}}},"fnMap":{"0":{"name":"(anonymous_0)","decl":{"start":{"line":6,"column":20},"end":{"line":6,"column":21}},"loc":{"start":{"line":7,"column":2},"end":{"line":11,"column":11}},"line":7}},"branchMap":{},"s":{"0":1,"1":1,"2":0},"f":{"0":0},"b":{},"_coverageSchema":"43e27e138ebf9cfc5966b082cf9a028302ed4184","hash":"4e74fcb22e5f04b169a266396dd707c5ab77fb76"}
,"C:\\Users\\Nikhil\\CPASS\\cpaas-web-app\\src\\UI_Frontendlib\\molecules\\Slider\\Slider.js": {"path":"C:\\Users\\Nikhil\\CPASS\\cpaas-web-app\\src\\UI_Frontendlib\\molecules\\Slider\\Slider.js","statementMap":{"0":{"start":{"line":10,"column":0},"end":{"line":10,"column":24}},"1":{"start":{"line":12,"column":15},"end":{"line":53,"column":1}},"2":{"start":{"line":13,"column":42},"end":{"line":13,"column":63}},"3":{"start":{"line":14,"column":32},"end":{"line":14,"column":48}},"4":{"start":{"line":22,"column":6},"end":{"line":22,"column":55}},"5":{"start":{"line":24,"column":23},"end":{"line":26,"column":3}},"6":{"start":{"line":25,"column":4},"end":{"line":25,"column":27}},"7":{"start":{"line":28,"column":22},"end":{"line":30,"column":3}},"8":{"start":{"line":29,"column":4},"end":{"line":29,"column":26}},"9":{"start":{"line":32,"column":23},"end":{"line":37,"column":3}},"10":{"start":{"line":39,"column":2},"end":{"line":52,"column":4}}},"fnMap":{"0":{"name":"(anonymous_0)","decl":{"start":{"line":12,"column":15},"end":{"line":12,"column":16}},"loc":{"start":{"line":12,"column":46},"end":{"line":53,"column":1}},"line":12},"1":{"name":"(anonymous_1)","decl":{"start":{"line":24,"column":23},"end":{"line":24,"column":24}},"loc":{"start":{"line":24,"column":32},"end":{"line":26,"column":3}},"line":24},"2":{"name":"(anonymous_2)","decl":{"start":{"line":28,"column":22},"end":{"line":28,"column":23}},"loc":{"start":{"line":28,"column":28},"end":{"line":30,"column":3}},"line":28}},"branchMap":{"0":{"loc":{"start":{"line":47,"column":10},"end":{"line":47,"column":69}},"type":"binary-expr","locations":[{"start":{"line":47,"column":10},"end":{"line":47,"column":17}},{"start":{"line":47,"column":21},"end":{"line":47,"column":69}}],"line":47},"1":{"loc":{"start":{"line":48,"column":10},"end":{"line":48,"column":69}},"type":"binary-expr","locations":[{"start":{"line":48,"column":10},"end":{"line":48,"column":17}},{"start":{"line":48,"column":21},"end":{"line":48,"column":69}}],"line":48},"2":{"loc":{"start":{"line":50,"column":7},"end":{"line":50,"column":77}},"type":"binary-expr","locations":[{"start":{"line":50,"column":7},"end":{"line":50,"column":19}},{"start":{"line":50,"column":23},"end":{"line":50,"column":77}}],"line":50}},"s":{"0":1,"1":1,"2":0,"3":0,"4":0,"5":0,"6":0,"7":0,"8":0,"9":0,"10":0},"f":{"0":0,"1":0,"2":0},"b":{"0":[0,0],"1":[0,0],"2":[0,0]},"_coverageSchema":"43e27e138ebf9cfc5966b082cf9a028302ed4184","hash":"04bbb76fa6c523fbf5da34c95858edb8acdcbd9f"}
,"C:\\Users\\Nikhil\\CPASS\\cpaas-web-app\\src\\UI_Frontendlib\\molecules\\Slider\\SliderWrapper.js": {"path":"C:\\Users\\Nikhil\\CPASS\\cpaas-web-app\\src\\UI_Frontendlib\\molecules\\Slider\\SliderWrapper.js","statementMap":{"0":{"start":{"line":3,"column":0},"end":{"line":3,"column":31}},"1":{"start":{"line":5,"column":22},"end":{"line":9,"column":1}},"2":{"start":{"line":6,"column":2},"end":{"line":8,"column":8}}},"fnMap":{"0":{"name":"(anonymous_0)","decl":{"start":{"line":5,"column":22},"end":{"line":5,"column":23}},"loc":{"start":{"line":6,"column":2},"end":{"line":8,"column":8}},"line":6}},"branchMap":{},"s":{"0":1,"1":1,"2":0},"f":{"0":0},"b":{},"_coverageSchema":"43e27e138ebf9cfc5966b082cf9a028302ed4184","hash":"759f438f2b7c2fed7409488afccd49f83d40fd85"}
,"C:\\Users\\Nikhil\\CPASS\\cpaas-web-app\\src\\UI_Frontendlib\\molecules\\Slider\\context.js": {"path":"C:\\Users\\Nikhil\\CPASS\\cpaas-web-app\\src\\UI_Frontendlib\\molecules\\Slider\\context.js","statementMap":{"0":{"start":{"line":3,"column":22},"end":{"line":3,"column":43}}},"fnMap":{},"branchMap":{},"s":{"0":1},"f":{},"b":{},"_coverageSchema":"43e27e138ebf9cfc5966b082cf9a028302ed4184","hash":"cbcac52e04f5cfb484d7e9c7d0f676d923cd5b5b"}
,"C:\\Users\\Nikhil\\CPASS\\cpaas-web-app\\src\\UI_Frontendlib\\molecules\\Slider\\index.js": {"path":"C:\\Users\\Nikhil\\CPASS\\cpaas-web-app\\src\\UI_Frontendlib\\molecules\\Slider\\index.js","statementMap":{"0":{"start":{"line":4,"column":0},"end":{"line":4,"column":19}}},"fnMap":{},"branchMap":{},"s":{"0":1},"f":{},"b":{},"_coverageSchema":"43e27e138ebf9cfc5966b082cf9a028302ed4184","hash":"4079772e1002dbc33010c778e4afeb53bbd5765c"}
,"C:\\Users\\Nikhil\\CPASS\\cpaas-web-app\\src\\UI_Frontendlib\\molecules\\Slider\\useSizeElement.js": {"path":"C:\\Users\\Nikhil\\CPASS\\cpaas-web-app\\src\\UI_Frontendlib\\molecules\\Slider\\useSizeElement.js","statementMap":{"0":{"start":{"line":3,"column":23},"end":{"line":12,"column":1}},"1":{"start":{"line":4,"column":21},"end":{"line":4,"column":33}},"2":{"start":{"line":5,"column":28},"end":{"line":5,"column":39}},"3":{"start":{"line":7,"column":2},"end":{"line":9,"column":27}},"4":{"start":{"line":8,"column":4},"end":{"line":8,"column":45}},"5":{"start":{"line":11,"column":2},"end":{"line":11,"column":31}}},"fnMap":{"0":{"name":"(anonymous_0)","decl":{"start":{"line":3,"column":23},"end":{"line":3,"column":24}},"loc":{"start":{"line":3,"column":29},"end":{"line":12,"column":1}},"line":3},"1":{"name":"(anonymous_1)","decl":{"start":{"line":7,"column":12},"end":{"line":7,"column":13}},"loc":{"start":{"line":7,"column":18},"end":{"line":9,"column":3}},"line":7}},"branchMap":{},"s":{"0":1,"1":0,"2":0,"3":0,"4":0,"5":0},"f":{"0":0,"1":0},"b":{},"_coverageSchema":"43e27e138ebf9cfc5966b082cf9a028302ed4184","hash":"d4edb503fdaf38c869c5650aff8eea2944346015"}
,"C:\\Users\\Nikhil\\CPASS\\cpaas-web-app\\src\\UI_Frontendlib\\molecules\\Slider\\useSliding.js": {"path":"C:\\Users\\Nikhil\\CPASS\\cpaas-web-app\\src\\UI_Frontendlib\\molecules\\Slider\\useSliding.js","statementMap":{"0":{"start":{"line":3,"column":17},"end":{"line":3,"column":20}},"1":{"start":{"line":5,"column":19},"end":{"line":37,"column":1}},"2":{"start":{"line":6,"column":23},"end":{"line":6,"column":35}},"3":{"start":{"line":7,"column":46},"end":{"line":7,"column":57}},"4":{"start":{"line":8,"column":34},"end":{"line":8,"column":45}},"5":{"start":{"line":9,"column":48},"end":{"line":9,"column":59}},"6":{"start":{"line":10,"column":30},"end":{"line":10,"column":41}},"7":{"start":{"line":12,"column":2},"end":{"line":17,"column":29}},"8":{"start":{"line":13,"column":27},"end":{"line":13,"column":70}},"9":{"start":{"line":15,"column":4},"end":{"line":15,"column":38}},"10":{"start":{"line":16,"column":4},"end":{"line":16,"column":66}},"11":{"start":{"line":19,"column":21},"end":{"line":22,"column":3}},"12":{"start":{"line":20,"column":4},"end":{"line":20,"column":40}},"13":{"start":{"line":21,"column":4},"end":{"line":21,"column":43}},"14":{"start":{"line":24,"column":21},"end":{"line":27,"column":3}},"15":{"start":{"line":25,"column":4},"end":{"line":25,"column":40}},"16":{"start":{"line":26,"column":4},"end":{"line":26,"column":42}},"17":{"start":{"line":29,"column":21},"end":{"line":31,"column":3}},"18":{"start":{"line":33,"column":18},"end":{"line":33,"column":30}},"19":{"start":{"line":34,"column":18},"end":{"line":34,"column":60}},"20":{"start":{"line":36,"column":2},"end":{"line":36,"column":80}}},"fnMap":{"0":{"name":"(anonymous_0)","decl":{"start":{"line":5,"column":19},"end":{"line":5,"column":20}},"loc":{"start":{"line":5,"column":52},"end":{"line":37,"column":1}},"line":5},"1":{"name":"(anonymous_1)","decl":{"start":{"line":12,"column":12},"end":{"line":12,"column":13}},"loc":{"start":{"line":12,"column":18},"end":{"line":17,"column":3}},"line":12},"2":{"name":"(anonymous_2)","decl":{"start":{"line":19,"column":21},"end":{"line":19,"column":22}},"loc":{"start":{"line":19,"column":27},"end":{"line":22,"column":3}},"line":19},"3":{"name":"(anonymous_3)","decl":{"start":{"line":24,"column":21},"end":{"line":24,"column":22}},"loc":{"start":{"line":24,"column":27},"end":{"line":27,"column":3}},"line":24}},"branchMap":{},"s":{"0":1,"1":1,"2":0,"3":0,"4":0,"5":0,"6":0,"7":0,"8":0,"9":0,"10":0,"11":0,"12":0,"13":0,"14":0,"15":0,"16":0,"17":0,"18":0,"19":0,"20":0},"f":{"0":0,"1":0,"2":0,"3":0},"b":{},"_coverageSchema":"43e27e138ebf9cfc5966b082cf9a028302ed4184","hash":"1d9ea488087b21bf9c1acfa67657fb97fbeb1ea6"}
,"C:\\Users\\Nikhil\\CPASS\\cpaas-web-app\\src\\actions\\apiToken.action.js": {"path":"C:\\Users\\Nikhil\\CPASS\\cpaas-web-app\\src\\actions\\apiToken.action.js","statementMap":{"0":{"start":{"line":5,"column":31},"end":{"line":8,"column":1}},"1":{"start":{"line":11,"column":2},"end":{"line":22,"column":4}},"2":{"start":{"line":12,"column":4},"end":{"line":12,"column":36}},"3":{"start":{"line":13,"column":4},"end":{"line":21,"column":6}},"4":{"start":{"line":15,"column":8},"end":{"line":15,"column":32}},"5":{"start":{"line":18,"column":8},"end":{"line":18,"column":44}},"6":{"start":{"line":25,"column":4},"end":{"line":25,"column":59}},"7":{"start":{"line":28,"column":4},"end":{"line":28,"column":59}},"8":{"start":{"line":31,"column":4},"end":{"line":31,"column":60}},"9":{"start":{"line":36,"column":2},"end":{"line":36,"column":27}},"10":{"start":{"line":37,"column":2},"end":{"line":37,"column":44}}},"fnMap":{"0":{"name":"login","decl":{"start":{"line":10,"column":9},"end":{"line":10,"column":14}},"loc":{"start":{"line":10,"column":35},"end":{"line":33,"column":1}},"line":10},"1":{"name":"(anonymous_1)","decl":{"start":{"line":11,"column":9},"end":{"line":11,"column":10}},"loc":{"start":{"line":11,"column":23},"end":{"line":22,"column":3}},"line":11},"2":{"name":"(anonymous_2)","decl":{"start":{"line":14,"column":6},"end":{"line":14,"column":7}},"loc":{"start":{"line":14,"column":16},"end":{"line":16,"column":7}},"line":14},"3":{"name":"(anonymous_3)","decl":{"start":{"line":17,"column":6},"end":{"line":17,"column":7}},"loc":{"start":{"line":17,"column":17},"end":{"line":20,"column":7}},"line":17},"4":{"name":"request","decl":{"start":{"line":24,"column":11},"end":{"line":24,"column":18}},"loc":{"start":{"line":24,"column":25},"end":{"line":26,"column":3}},"line":24},"5":{"name":"success","decl":{"start":{"line":27,"column":11},"end":{"line":27,"column":18}},"loc":{"start":{"line":27,"column":25},"end":{"line":29,"column":3}},"line":27},"6":{"name":"failure","decl":{"start":{"line":30,"column":11},"end":{"line":30,"column":18}},"loc":{"start":{"line":30,"column":26},"end":{"line":32,"column":3}},"line":30},"7":{"name":"logout","decl":{"start":{"line":35,"column":9},"end":{"line":35,"column":15}},"loc":{"start":{"line":35,"column":18},"end":{"line":38,"column":1}},"line":35}},"branchMap":{},"s":{"0":0,"1":0,"2":0,"3":0,"4":0,"5":0,"6":0,"7":0,"8":0,"9":0,"10":0},"f":{"0":0,"1":0,"2":0,"3":0,"4":0,"5":0,"6":0,"7":0},"b":{},"hash":"5d90d7bedcd2d9ab59783d19da55d42025dab9a9"}
,"C:\\Users\\Nikhil\\CPASS\\cpaas-web-app\\src\\actions\\example.action.js": {"path":"C:\\Users\\Nikhil\\CPASS\\cpaas-web-app\\src\\actions\\example.action.js","statementMap":{"0":{"start":{"line":1,"column":30},"end":{"line":1,"column":46}},"1":{"start":{"line":2,"column":27},"end":{"line":2,"column":40}},"2":{"start":{"line":3,"column":28},"end":{"line":3,"column":42}},"3":{"start":{"line":4,"column":35},"end":{"line":4,"column":56}},"4":{"start":{"line":5,"column":26},"end":{"line":5,"column":38}},"5":{"start":{"line":6,"column":27},"end":{"line":6,"column":40}},"6":{"start":{"line":8,"column":28},"end":{"line":15,"column":1}},"7":{"start":{"line":9,"column":4},"end":{"line":14,"column":6}},"8":{"start":{"line":17,"column":29},"end":{"line":24,"column":1}},"9":{"start":{"line":18,"column":4},"end":{"line":23,"column":6}},"10":{"start":{"line":26,"column":32},"end":{"line":34,"column":1}},"11":{"start":{"line":27,"column":4},"end":{"line":27,"column":26}},"12":{"start":{"line":28,"column":4},"end":{"line":33,"column":6}}},"fnMap":{"0":{"name":"(anonymous_0)","decl":{"start":{"line":8,"column":28},"end":{"line":8,"column":29}},"loc":{"start":{"line":8,"column":38},"end":{"line":15,"column":1}},"line":8},"1":{"name":"(anonymous_1)","decl":{"start":{"line":17,"column":29},"end":{"line":17,"column":30}},"loc":{"start":{"line":17,"column":35},"end":{"line":24,"column":1}},"line":17},"2":{"name":"(anonymous_2)","decl":{"start":{"line":26,"column":32},"end":{"line":26,"column":33}},"loc":{"start":{"line":26,"column":38},"end":{"line":34,"column":1}},"line":26}},"branchMap":{},"s":{"0":9,"1":9,"2":9,"3":9,"4":9,"5":9,"6":9,"7":0,"8":9,"9":0,"10":9,"11":0,"12":0},"f":{"0":0,"1":0,"2":0},"b":{},"_coverageSchema":"43e27e138ebf9cfc5966b082cf9a028302ed4184","hash":"637f5644ae79e4e6e02a4d0c36470ccdea4d1b15"}
,"C:\\Users\\Nikhil\\CPASS\\cpaas-web-app\\src\\actions\\index.js": {"path":"C:\\Users\\Nikhil\\CPASS\\cpaas-web-app\\src\\actions\\index.js","statementMap":{},"fnMap":{},"branchMap":{},"s":{},"f":{},"b":{},"hash":"1f57b4103079b34c4a547ddec7905a6bf29cae09"}
,"C:\\Users\\Nikhil\\CPASS\\cpaas-web-app\\src\\components\\Carosal\\index.jsx": {"path":"C:\\Users\\Nikhil\\CPASS\\cpaas-web-app\\src\\components\\Carosal\\index.jsx","statementMap":{"0":{"start":{"line":8,"column":8},"end":{"line":11,"column":11}},"1":{"start":{"line":13,"column":8},"end":{"line":18,"column":16}},"2":{"start":{"line":14,"column":35},"end":{"line":14,"column":125}},"3":{"start":{"line":14,"column":40},"end":{"line":14,"column":125}},"4":{"start":{"line":14,"column":58},"end":{"line":14,"column":124}},"5":{"start":{"line":15,"column":12},"end":{"line":17,"column":14}},"6":{"start":{"line":22,"column":23},"end":{"line":22,"column":78}},"7":{"start":{"line":22,"column":44},"end":{"line":22,"column":78}},"8":{"start":{"line":28,"column":12},"end":{"line":28,"column":22}},"9":{"start":{"line":30,"column":8},"end":{"line":57,"column":10}}},"fnMap":{"0":{"name":"(anonymous_0)","decl":{"start":{"line":7,"column":4},"end":{"line":7,"column":5}},"loc":{"start":{"line":7,"column":25},"end":{"line":19,"column":5}},"line":7},"1":{"name":"(anonymous_1)","decl":{"start":{"line":13,"column":19},"end":{"line":13,"column":20}},"loc":{"start":{"line":13,"column":25},"end":{"line":18,"column":9}},"line":13},"2":{"name":"(anonymous_2)","decl":{"start":{"line":14,"column":35},"end":{"line":14,"column":36}},"loc":{"start":{"line":14,"column":40},"end":{"line":14,"column":125}},"line":14},"3":{"name":"(anonymous_3)","decl":{"start":{"line":14,"column":53},"end":{"line":14,"column":54}},"loc":{"start":{"line":14,"column":58},"end":{"line":14,"column":124}},"line":14},"4":{"name":"(anonymous_4)","decl":{"start":{"line":22,"column":23},"end":{"line":22,"column":24}},"loc":{"start":{"line":22,"column":44},"end":{"line":22,"column":78}},"line":22},"5":{"name":"(anonymous_5)","decl":{"start":{"line":24,"column":4},"end":{"line":24,"column":5}},"loc":{"start":{"line":24,"column":13},"end":{"line":58,"column":5}},"line":24}},"branchMap":{},"s":{"0":0,"1":0,"2":0,"3":0,"4":0,"5":0,"6":0,"7":0,"8":0,"9":0},"f":{"0":0,"1":0,"2":0,"3":0,"4":0,"5":0},"b":{},"_coverageSchema":"43e27e138ebf9cfc5966b082cf9a028302ed4184","hash":"9c3a4b51b9b37a4942227d06b3feb662805c0f4b"}
,"C:\\Users\\Nikhil\\CPASS\\cpaas-web-app\\src\\components\\Dialogs\\SignupLoginModal.jsx": {"path":"C:\\Users\\Nikhil\\CPASS\\cpaas-web-app\\src\\components\\Dialogs\\SignupLoginModal.jsx","statementMap":{"0":{"start":{"line":7,"column":4},"end":{"line":9,"column":5}},"1":{"start":{"line":8,"column":6},"end":{"line":8,"column":18}},"2":{"start":{"line":12,"column":26},"end":{"line":20,"column":5}},"3":{"start":{"line":23,"column":23},"end":{"line":29,"column":5}},"4":{"start":{"line":31,"column":4},"end":{"line":73,"column":6}},"5":{"start":{"line":77,"column":0},"end":{"line":79,"column":2}}},"fnMap":{"0":{"name":"(anonymous_0)","decl":{"start":{"line":5,"column":2},"end":{"line":5,"column":3}},"loc":{"start":{"line":5,"column":11},"end":{"line":74,"column":3}},"line":5}},"branchMap":{"0":{"loc":{"start":{"line":7,"column":4},"end":{"line":9,"column":5}},"type":"if","locations":[{"start":{"line":7,"column":4},"end":{"line":9,"column":5}},{"start":{"line":7,"column":4},"end":{"line":9,"column":5}}],"line":7}},"s":{"0":0,"1":0,"2":0,"3":0,"4":0,"5":0},"f":{"0":0},"b":{"0":[0,0]},"hash":"6e75cb101562e77831ecf47421c83b51d1eeae6c"}
,"C:\\Users\\Nikhil\\CPASS\\cpaas-web-app\\src\\components\\Footer\\footer.js": {"path":"C:\\Users\\Nikhil\\CPASS\\cpaas-web-app\\src\\components\\Footer\\footer.js","statementMap":{"0":{"start":{"line":3,"column":0},"end":{"line":3,"column":24}},"1":{"start":{"line":6,"column":4},"end":{"line":36,"column":5}}},"fnMap":{"0":{"name":"Footer","decl":{"start":{"line":5,"column":9},"end":{"line":5,"column":15}},"loc":{"start":{"line":5,"column":18},"end":{"line":37,"column":1}},"line":5}},"branchMap":{},"s":{"0":1,"1":0},"f":{"0":0},"b":{},"_coverageSchema":"43e27e138ebf9cfc5966b082cf9a028302ed4184","hash":"ebde633ef9093f2ff326b0575044d4b0d5657220"}
,"C:\\Users\\Nikhil\\CPASS\\cpaas-web-app\\src\\components\\FullSideNav\\FullSideNav.jsx": {"path":"C:\\Users\\Nikhil\\CPASS\\cpaas-web-app\\src\\components\\FullSideNav\\FullSideNav.jsx","statementMap":{"0":{"start":{"line":18,"column":2},"end":{"line":103,"column":4}}},"fnMap":{"0":{"name":"FullSideNav","decl":{"start":{"line":15,"column":9},"end":{"line":15,"column":20}},"loc":{"start":{"line":15,"column":28},"end":{"line":104,"column":1}},"line":15}},"branchMap":{},"s":{"0":0},"f":{"0":0},"b":{},"_coverageSchema":"43e27e138ebf9cfc5966b082cf9a028302ed4184","hash":"66a39b3cd08d1f87db3be0e3a956aab9e7311066"}
,"C:\\Users\\Nikhil\\CPASS\\cpaas-web-app\\src\\components\\HeroBanner\\index.jsx": {"path":"C:\\Users\\Nikhil\\CPASS\\cpaas-web-app\\src\\components\\HeroBanner\\index.jsx","statementMap":{"0":{"start":{"line":8,"column":0},"end":{"line":8,"column":23}},"1":{"start":{"line":17,"column":8},"end":{"line":33,"column":9}},"2":{"start":{"line":37,"column":8},"end":{"line":86,"column":9}},"3":{"start":{"line":92,"column":24},"end":{"line":98,"column":9}},"4":{"start":{"line":100,"column":22},"end":{"line":103,"column":9}},"5":{"start":{"line":102,"column":12},"end":{"line":102,"column":45}},"6":{"start":{"line":105,"column":29},"end":{"line":108,"column":9}},"7":{"start":{"line":110,"column":8},"end":{"line":126,"column":9}},"8":{"start":{"line":130,"column":8},"end":{"line":136,"column":16}},"9":{"start":{"line":141,"column":8},"end":{"line":148,"column":9}}},"fnMap":{"0":{"name":"(anonymous_0)","decl":{"start":{"line":16,"column":4},"end":{"line":16,"column":5}},"loc":{"start":{"line":16,"column":21},"end":{"line":34,"column":5}},"line":16},"1":{"name":"(anonymous_1)","decl":{"start":{"line":36,"column":4},"end":{"line":36,"column":5}},"loc":{"start":{"line":36,"column":22},"end":{"line":87,"column":5}},"line":36},"2":{"name":"(anonymous_2)","decl":{"start":{"line":90,"column":4},"end":{"line":90,"column":5}},"loc":{"start":{"line":90,"column":25},"end":{"line":127,"column":5}},"line":90},"3":{"name":"(anonymous_3)","decl":{"start":{"line":100,"column":22},"end":{"line":100,"column":23}},"loc":{"start":{"line":100,"column":28},"end":{"line":103,"column":9}},"line":100},"4":{"name":"(anonymous_4)","decl":{"start":{"line":129,"column":4},"end":{"line":129,"column":5}},"loc":{"start":{"line":129,"column":23},"end":{"line":137,"column":5}},"line":129},"5":{"name":"(anonymous_5)","decl":{"start":{"line":140,"column":4},"end":{"line":140,"column":5}},"loc":{"start":{"line":140,"column":13},"end":{"line":149,"column":5}},"line":140}},"branchMap":{},"s":{"0":2,"1":0,"2":0,"3":0,"4":0,"5":0,"6":0,"7":0,"8":0,"9":0},"f":{"0":0,"1":0,"2":0,"3":0,"4":0,"5":0},"b":{},"_coverageSchema":"43e27e138ebf9cfc5966b082cf9a028302ed4184","hash":"9ae5988c1647dc6fd9d5286204b96810726b609e"}
,"C:\\Users\\Nikhil\\CPASS\\cpaas-web-app\\src\\components\\Player\\Player.js": {"path":"C:\\Users\\Nikhil\\CPASS\\cpaas-web-app\\src\\components\\Player\\Player.js","statementMap":{"0":{"start":{"line":6,"column":14},"end":{"line":6,"column":18}},"1":{"start":{"line":7,"column":10},"end":{"line":7,"column":27}},"2":{"start":{"line":10,"column":35},"end":{"line":10,"column":45}},"3":{"start":{"line":11,"column":8},"end":{"line":17,"column":9}},"4":{"start":{"line":12,"column":12},"end":{"line":14,"column":15}},"5":{"start":{"line":15,"column":12},"end":{"line":15,"column":41}},"6":{"start":{"line":16,"column":12},"end":{"line":16,"column":57}},"7":{"start":{"line":21,"column":6},"end":{"line":23,"column":7}},"8":{"start":{"line":22,"column":8},"end":{"line":22,"column":31}},"9":{"start":{"line":27,"column":8},"end":{"line":32,"column":10}}},"fnMap":{"0":{"name":"(anonymous_0)","decl":{"start":{"line":9,"column":4},"end":{"line":9,"column":5}},"loc":{"start":{"line":9,"column":24},"end":{"line":18,"column":5}},"line":9},"1":{"name":"(anonymous_1)","decl":{"start":{"line":20,"column":4},"end":{"line":20,"column":5}},"loc":{"start":{"line":20,"column":27},"end":{"line":24,"column":5}},"line":20},"2":{"name":"(anonymous_2)","decl":{"start":{"line":26,"column":4},"end":{"line":26,"column":5}},"loc":{"start":{"line":26,"column":13},"end":{"line":33,"column":5}},"line":26}},"branchMap":{"0":{"loc":{"start":{"line":11,"column":8},"end":{"line":17,"column":9}},"type":"if","locations":[{"start":{"line":11,"column":8},"end":{"line":17,"column":9}},{"start":{"line":11,"column":8},"end":{"line":17,"column":9}}],"line":11},"1":{"loc":{"start":{"line":21,"column":6},"end":{"line":23,"column":7}},"type":"if","locations":[{"start":{"line":21,"column":6},"end":{"line":23,"column":7}},{"start":{"line":21,"column":6},"end":{"line":23,"column":7}}],"line":21}},"s":{"0":0,"1":0,"2":0,"3":0,"4":0,"5":0,"6":0,"7":0,"8":0,"9":0},"f":{"0":0,"1":0,"2":0},"b":{"0":[0,0],"1":[0,0]},"hash":"47710912856982183ede1d58a613cac019b932c9"}
,"C:\\Users\\Nikhil\\CPASS\\cpaas-web-app\\src\\components\\Router\\routes.jsx": {"path":"C:\\Users\\Nikhil\\CPASS\\cpaas-web-app\\src\\components\\Router\\routes.jsx","statementMap":{"0":{"start":{"line":10,"column":2},"end":{"line":20,"column":4}}},"fnMap":{"0":{"name":"Routes","decl":{"start":{"line":9,"column":9},"end":{"line":9,"column":15}},"loc":{"start":{"line":9,"column":18},"end":{"line":21,"column":1}},"line":9}},"branchMap":{},"s":{"0":0},"f":{"0":0},"b":{},"hash":"0fc30c3fd25ab303b1b8ad56b358ccc1546eed03"}
,"C:\\Users\\Nikhil\\CPASS\\cpaas-web-app\\src\\components\\SideNav\\SideNav.jsx": {"path":"C:\\Users\\Nikhil\\CPASS\\cpaas-web-app\\src\\components\\SideNav\\SideNav.jsx","statementMap":{"0":{"start":{"line":14,"column":26},"end":{"line":14,"column":41}},"1":{"start":{"line":15,"column":2},"end":{"line":42,"column":4}}},"fnMap":{"0":{"name":"SideNav","decl":{"start":{"line":13,"column":9},"end":{"line":13,"column":16}},"loc":{"start":{"line":13,"column":19},"end":{"line":43,"column":1}},"line":13}},"branchMap":{},"s":{"0":0,"1":0},"f":{"0":0},"b":{},"_coverageSchema":"43e27e138ebf9cfc5966b082cf9a028302ed4184","hash":"c4023851242026c557709a6584af63e825ec06a6"}
,"C:\\Users\\Nikhil\\CPASS\\cpaas-web-app\\src\\components\\partials\\Header\\index.js": {"path":"C:\\Users\\Nikhil\\CPASS\\cpaas-web-app\\src\\components\\partials\\Header\\index.js","statementMap":{"0":{"start":{"line":6,"column":8},"end":{"line":12,"column":9}}},"fnMap":{"0":{"name":"(anonymous_0)","decl":{"start":{"line":5,"column":4},"end":{"line":5,"column":5}},"loc":{"start":{"line":5,"column":13},"end":{"line":13,"column":5}},"line":5}},"branchMap":{},"s":{"0":1},"f":{"0":1},"b":{},"_coverageSchema":"43e27e138ebf9cfc5966b082cf9a028302ed4184","hash":"6d0d45574551f4623465410cac5154be5a554223"}
,"C:\\Users\\Nikhil\\CPASS\\cpaas-web-app\\src\\constants\\apiToken.constants.js": {"path":"C:\\Users\\Nikhil\\CPASS\\cpaas-web-app\\src\\constants\\apiToken.constants.js","statementMap":{"0":{"start":{"line":1,"column":33},"end":{"line":7,"column":3}}},"fnMap":{},"branchMap":{},"s":{"0":0},"f":{},"b":{},"hash":"62c0419c65a86174500482fa10c3fef87749a7b8"}
,"C:\\Users\\Nikhil\\CPASS\\cpaas-web-app\\src\\constants\\index.js": {"path":"C:\\Users\\Nikhil\\CPASS\\cpaas-web-app\\src\\constants\\index.js","statementMap":{},"fnMap":{},"branchMap":{},"s":{},"f":{},"b":{},"hash":"70dff49ad5da86d0c68a47ab3580eb0f484c28b9"}
,"C:\\Users\\Nikhil\\CPASS\\cpaas-web-app\\src\\containers\\App\\App.jsx": {"path":"C:\\Users\\Nikhil\\CPASS\\cpaas-web-app\\src\\containers\\App\\App.jsx","statementMap":{"0":{"start":{"line":12,"column":19},"end":{"line":12,"column":32}},"1":{"start":{"line":15,"column":2},"end":{"line":17,"column":17}},"2":{"start":{"line":16,"column":4},"end":{"line":16,"column":38}},"3":{"start":{"line":25,"column":2},"end":{"line":27,"column":4}}},"fnMap":{"0":{"name":"App","decl":{"start":{"line":10,"column":9},"end":{"line":10,"column":12}},"loc":{"start":{"line":10,"column":15},"end":{"line":28,"column":1}},"line":10},"1":{"name":"(anonymous_1)","decl":{"start":{"line":15,"column":12},"end":{"line":15,"column":13}},"loc":{"start":{"line":15,"column":18},"end":{"line":17,"column":3}},"line":15}},"branchMap":{},"s":{"0":0,"1":0,"2":0,"3":0},"f":{"0":0,"1":0},"b":{},"hash":"02755b3b79ef8566e7d6807ba4cba2c372b992a9"}
,"C:\\Users\\Nikhil\\CPASS\\cpaas-web-app\\src\\containers\\ErrorPage\\ErrorPage.jsx": {"path":"C:\\Users\\Nikhil\\CPASS\\cpaas-web-app\\src\\containers\\ErrorPage\\ErrorPage.jsx","statementMap":{"0":{"start":{"line":6,"column":4},"end":{"line":14,"column":6}}},"fnMap":{"0":{"name":"(anonymous_0)","decl":{"start":{"line":5,"column":2},"end":{"line":5,"column":3}},"loc":{"start":{"line":5,"column":11},"end":{"line":15,"column":3}},"line":5}},"branchMap":{},"s":{"0":0},"f":{"0":0},"b":{},"hash":"d3be0520312d08e2fffd10828fa5f5248bb57213"}
,"C:\\Users\\Nikhil\\CPASS\\cpaas-web-app\\src\\containers\\ErrorPage\\index.js": {"path":"C:\\Users\\Nikhil\\CPASS\\cpaas-web-app\\src\\containers\\ErrorPage\\index.js","statementMap":{},"fnMap":{},"branchMap":{},"s":{},"f":{},"b":{},"hash":"0eb006b1032f78e6f52912100663d9e6dd9ced15"}
,"C:\\Users\\Nikhil\\CPASS\\cpaas-web-app\\src\\containers\\HomePage\\HomePage.jsx": {"path":"C:\\Users\\Nikhil\\CPASS\\cpaas-web-app\\src\\containers\\HomePage\\HomePage.jsx","statementMap":{"0":{"start":{"line":18,"column":0},"end":{"line":18,"column":31}},"1":{"start":{"line":21,"column":30},"end":{"line":25,"column":4}},"2":{"start":{"line":26,"column":26},"end":{"line":26,"column":41}},"3":{"start":{"line":27,"column":32},"end":{"line":27,"column":47}},"4":{"start":{"line":28,"column":25},"end":{"line":28,"column":51}},"5":{"start":{"line":28,"column":31},"end":{"line":28,"column":51}},"6":{"start":{"line":29,"column":22},"end":{"line":29,"column":41}},"7":{"start":{"line":29,"column":28},"end":{"line":29,"column":41}},"8":{"start":{"line":31,"column":30},"end":{"line":31,"column":36}},"9":{"start":{"line":34,"column":19},"end":{"line":44,"column":3}},"10":{"start":{"line":46,"column":2},"end":{"line":120,"column":4}}},"fnMap":{"0":{"name":"HomePage","decl":{"start":{"line":20,"column":9},"end":{"line":20,"column":17}},"loc":{"start":{"line":20,"column":20},"end":{"line":121,"column":1}},"line":20},"1":{"name":"(anonymous_1)","decl":{"start":{"line":28,"column":25},"end":{"line":28,"column":26}},"loc":{"start":{"line":28,"column":31},"end":{"line":28,"column":51}},"line":28},"2":{"name":"(anonymous_2)","decl":{"start":{"line":29,"column":22},"end":{"line":29,"column":23}},"loc":{"start":{"line":29,"column":28},"end":{"line":29,"column":41}},"line":29}},"branchMap":{},"s":{"0":0,"1":0,"2":0,"3":0,"4":0,"5":0,"6":0,"7":0,"8":0,"9":0,"10":0},"f":{"0":0,"1":0,"2":0},"b":{},"hash":"37a2322fb78cb3a7a8ac8db82253888a4b1ab319"}
,"C:\\Users\\Nikhil\\CPASS\\cpaas-web-app\\src\\containers\\HomePage\\index.js": {"path":"C:\\Users\\Nikhil\\CPASS\\cpaas-web-app\\src\\containers\\HomePage\\index.js","statementMap":{},"fnMap":{},"branchMap":{},"s":{},"f":{},"b":{},"hash":"1a8fe9e0f3a30749a01866770631dd7102660462"}
,"C:\\Users\\Nikhil\\CPASS\\cpaas-web-app\\src\\containers\\SignUpPage\\SignUpPage.jsx": {"path":"C:\\Users\\Nikhil\\CPASS\\cpaas-web-app\\src\\containers\\SignUpPage\\SignUpPage.jsx","statementMap":{"0":{"start":{"line":7,"column":30},"end":{"line":11,"column":4}},"1":{"start":{"line":12,"column":26},"end":{"line":12,"column":41}},"2":{"start":{"line":14,"column":22},"end":{"line":14,"column":42}},"3":{"start":{"line":14,"column":28},"end":{"line":14,"column":42}},"4":{"start":{"line":16,"column":46},"end":{"line":16,"column":52}},"5":{"start":{"line":17,"column":2},"end":{"line":44,"column":4}}},"fnMap":{"0":{"name":"SignUpPage","decl":{"start":{"line":6,"column":9},"end":{"line":6,"column":19}},"loc":{"start":{"line":6,"column":22},"end":{"line":45,"column":1}},"line":6},"1":{"name":"(anonymous_1)","decl":{"start":{"line":14,"column":22},"end":{"line":14,"column":23}},"loc":{"start":{"line":14,"column":28},"end":{"line":14,"column":42}},"line":14}},"branchMap":{},"s":{"0":0,"1":0,"2":0,"3":0,"4":0,"5":0},"f":{"0":0,"1":0},"b":{},"hash":"7248788d88be2bb7696585c6a37d87c688637648"}
,"C:\\Users\\Nikhil\\CPASS\\cpaas-web-app\\src\\containers\\SignUpPage\\index.js": {"path":"C:\\Users\\Nikhil\\CPASS\\cpaas-web-app\\src\\containers\\SignUpPage\\index.js","statementMap":{},"fnMap":{},"branchMap":{},"s":{},"f":{},"b":{},"hash":"b627b6d5e1d4cf0d1d6e2fd40bd948e4a8c7e40e"}
,"C:\\Users\\Nikhil\\CPASS\\cpaas-web-app\\src\\containers\\VideoInfoPage\\ErrorBoundary.js": {"path":"C:\\Users\\Nikhil\\CPASS\\cpaas-web-app\\src\\containers\\VideoInfoPage\\ErrorBoundary.js","statementMap":{"0":{"start":{"line":5,"column":8},"end":{"line":5,"column":21}},"1":{"start":{"line":6,"column":8},"end":{"line":6,"column":41}},"2":{"start":{"line":11,"column":8},"end":{"line":11,"column":34}},"3":{"start":{"line":20,"column":8},"end":{"line":23,"column":9}},"4":{"start":{"line":22,"column":12},"end":{"line":22,"column":50}},"5":{"start":{"line":25,"column":8},"end":{"line":25,"column":35}}},"fnMap":{"0":{"name":"(anonymous_0)","decl":{"start":{"line":4,"column":4},"end":{"line":4,"column":5}},"loc":{"start":{"line":4,"column":23},"end":{"line":7,"column":5}},"line":4},"1":{"name":"(anonymous_1)","decl":{"start":{"line":9,"column":4},"end":{"line":9,"column":5}},"loc":{"start":{"line":9,"column":43},"end":{"line":12,"column":5}},"line":9},"2":{"name":"(anonymous_2)","decl":{"start":{"line":14,"column":4},"end":{"line":14,"column":5}},"loc":{"start":{"line":14,"column":40},"end":{"line":17,"column":5}},"line":14},"3":{"name":"(anonymous_3)","decl":{"start":{"line":19,"column":4},"end":{"line":19,"column":5}},"loc":{"start":{"line":19,"column":13},"end":{"line":26,"column":5}},"line":19}},"branchMap":{"0":{"loc":{"start":{"line":20,"column":8},"end":{"line":23,"column":9}},"type":"if","locations":[{"start":{"line":20,"column":8},"end":{"line":23,"column":9}},{"start":{"line":20,"column":8},"end":{"line":23,"column":9}}],"line":20}},"s":{"0":0,"1":0,"2":0,"3":0,"4":0,"5":0},"f":{"0":0,"1":0,"2":0,"3":0},"b":{"0":[0,0]},"_coverageSchema":"43e27e138ebf9cfc5966b082cf9a028302ed4184","hash":"35d2456577445f6b1ea951db49f3b5d4a33d1954"}
,"C:\\Users\\Nikhil\\CPASS\\cpaas-web-app\\src\\containers\\VideoInfoPage\\VideoInfoPage.js": {"path":"C:\\Users\\Nikhil\\CPASS\\cpaas-web-app\\src\\containers\\VideoInfoPage\\VideoInfoPage.js","statementMap":{"0":{"start":{"line":23,"column":22},"end":{"line":33,"column":1}},"1":{"start":{"line":24,"column":25},"end":{"line":27,"column":5}},"2":{"start":{"line":28,"column":4},"end":{"line":32,"column":5}},"3":{"start":{"line":35,"column":21},"end":{"line":47,"column":1}},"4":{"start":{"line":36,"column":4},"end":{"line":46,"column":5}},"5":{"start":{"line":49,"column":31},"end":{"line":62,"column":1}},"6":{"start":{"line":50,"column":4},"end":{"line":61,"column":5}},"7":{"start":{"line":56,"column":24},"end":{"line":56,"column":83}},"8":{"start":{"line":64,"column":40},"end":{"line":75,"column":1}},"9":{"start":{"line":65,"column":4},"end":{"line":74,"column":5}},"10":{"start":{"line":70,"column":20},"end":{"line":70,"column":81}},"11":{"start":{"line":77,"column":35},"end":{"line":88,"column":1}},"12":{"start":{"line":78,"column":4},"end":{"line":87,"column":5}},"13":{"start":{"line":83,"column":20},"end":{"line":83,"column":101}},"14":{"start":{"line":91,"column":34},"end":{"line":91,"column":49}},"15":{"start":{"line":92,"column":27},"end":{"line":92,"column":53}},"16":{"start":{"line":92,"column":33},"end":{"line":92,"column":53}},"17":{"start":{"line":94,"column":46},"end":{"line":94,"column":51}},"18":{"start":{"line":96,"column":4},"end":{"line":98,"column":10}},"19":{"start":{"line":97,"column":8},"end":{"line":97,"column":25}},"20":{"start":{"line":100,"column":4},"end":{"line":113,"column":5}},"21":{"start":{"line":116,"column":0},"end":{"line":120,"column":1}},"22":{"start":{"line":122,"column":24},"end":{"line":128,"column":1}},"23":{"start":{"line":123,"column":4},"end":{"line":127,"column":5}}},"fnMap":{"0":{"name":"(anonymous_0)","decl":{"start":{"line":23,"column":22},"end":{"line":23,"column":23}},"loc":{"start":{"line":23,"column":28},"end":{"line":33,"column":1}},"line":23},"1":{"name":"(anonymous_1)","decl":{"start":{"line":35,"column":21},"end":{"line":35,"column":22}},"loc":{"start":{"line":35,"column":54},"end":{"line":47,"column":1}},"line":35},"2":{"name":"(anonymous_2)","decl":{"start":{"line":49,"column":31},"end":{"line":49,"column":32}},"loc":{"start":{"line":49,"column":66},"end":{"line":62,"column":1}},"line":49},"3":{"name":"(anonymous_3)","decl":{"start":{"line":55,"column":30},"end":{"line":55,"column":31}},"loc":{"start":{"line":56,"column":24},"end":{"line":56,"column":83}},"line":56},"4":{"name":"(anonymous_4)","decl":{"start":{"line":64,"column":40},"end":{"line":64,"column":41}},"loc":{"start":{"line":64,"column":90},"end":{"line":75,"column":1}},"line":64},"5":{"name":"(anonymous_5)","decl":{"start":{"line":69,"column":28},"end":{"line":69,"column":29}},"loc":{"start":{"line":70,"column":20},"end":{"line":70,"column":81}},"line":70},"6":{"name":"(anonymous_6)","decl":{"start":{"line":77,"column":35},"end":{"line":77,"column":36}},"loc":{"start":{"line":77,"column":94},"end":{"line":88,"column":1}},"line":77},"7":{"name":"(anonymous_7)","decl":{"start":{"line":82,"column":37},"end":{"line":82,"column":38}},"loc":{"start":{"line":83,"column":20},"end":{"line":83,"column":101}},"line":83},"8":{"name":"VideoInfoPage","decl":{"start":{"line":90,"column":9},"end":{"line":90,"column":22}},"loc":{"start":{"line":90,"column":30},"end":{"line":114,"column":1}},"line":90},"9":{"name":"(anonymous_9)","decl":{"start":{"line":92,"column":27},"end":{"line":92,"column":28}},"loc":{"start":{"line":92,"column":33},"end":{"line":92,"column":53}},"line":92},"10":{"name":"(anonymous_10)","decl":{"start":{"line":96,"column":14},"end":{"line":96,"column":15}},"loc":{"start":{"line":96,"column":20},"end":{"line":98,"column":5}},"line":96},"11":{"name":"(anonymous_11)","decl":{"start":{"line":122,"column":24},"end":{"line":122,"column":25}},"loc":{"start":{"line":122,"column":33},"end":{"line":128,"column":1}},"line":122}},"branchMap":{"0":{"loc":{"start":{"line":49,"column":34},"end":{"line":49,"column":48}},"type":"default-arg","locations":[{"start":{"line":49,"column":42},"end":{"line":49,"column":48}}],"line":49},"1":{"loc":{"start":{"line":49,"column":50},"end":{"line":49,"column":59}},"type":"default-arg","locations":[{"start":{"line":49,"column":57},"end":{"line":49,"column":59}}],"line":49},"2":{"loc":{"start":{"line":64,"column":43},"end":{"line":64,"column":54}},"type":"default-arg","locations":[{"start":{"line":64,"column":52},"end":{"line":64,"column":54}}],"line":64},"3":{"loc":{"start":{"line":64,"column":56},"end":{"line":64,"column":83}},"type":"default-arg","locations":[{"start":{"line":64,"column":64},"end":{"line":64,"column":83}}],"line":64},"4":{"loc":{"start":{"line":77,"column":38},"end":{"line":77,"column":58}},"type":"default-arg","locations":[{"start":{"line":77,"column":56},"end":{"line":77,"column":58}}],"line":77},"5":{"loc":{"start":{"line":77,"column":60},"end":{"line":77,"column":87}},"type":"default-arg","locations":[{"start":{"line":77,"column":68},"end":{"line":77,"column":87}}],"line":77},"6":{"loc":{"start":{"line":107,"column":17},"end":{"line":107,"column":96}},"type":"binary-expr","locations":[{"start":{"line":107,"column":17},"end":{"line":107,"column":28}},{"start":{"line":107,"column":32},"end":{"line":107,"column":96}}],"line":107},"7":{"loc":{"start":{"line":108,"column":17},"end":{"line":108,"column":138}},"type":"binary-expr","locations":[{"start":{"line":108,"column":17},"end":{"line":108,"column":39}},{"start":{"line":108,"column":43},"end":{"line":108,"column":138}}],"line":108},"8":{"loc":{"start":{"line":109,"column":17},"end":{"line":109,"column":116}},"type":"binary-expr","locations":[{"start":{"line":109,"column":17},"end":{"line":109,"column":30}},{"start":{"line":109,"column":34},"end":{"line":109,"column":116}}],"line":109}},"s":{"0":1,"1":0,"2":0,"3":1,"4":0,"5":1,"6":0,"7":0,"8":1,"9":0,"10":0,"11":1,"12":0,"13":0,"14":0,"15":0,"16":0,"17":0,"18":0,"19":0,"20":0,"21":1,"22":1,"23":0},"f":{"0":0,"1":0,"2":0,"3":0,"4":0,"5":0,"6":0,"7":0,"8":0,"9":0,"10":0,"11":0},"b":{"0":[0],"1":[0],"2":[0],"3":[0],"4":[0],"5":[0],"6":[0,0],"7":[0,0],"8":[0,0]},"_coverageSchema":"43e27e138ebf9cfc5966b082cf9a028302ed4184","hash":"aa833b9353ad2bfc6cf6a9c7f5a74a4a3b2dfc06"}
,"C:\\Users\\Nikhil\\CPASS\\cpaas-web-app\\src\\containers\\VideoInfoPage\\__mock\\cast.js": {"path":"C:\\Users\\Nikhil\\CPASS\\cpaas-web-app\\src\\containers\\VideoInfoPage\\__mock\\cast.js","statementMap":{},"fnMap":{},"branchMap":{},"s":{},"f":{},"b":{},"_coverageSchema":"43e27e138ebf9cfc5966b082cf9a028302ed4184","hash":"5abcb313b0c92dec8178b54857ebdf243e8f5fe3"}
,"C:\\Users\\Nikhil\\CPASS\\cpaas-web-app\\src\\containers\\VideoInfoPage\\__mock\\continuewatching.js": {"path":"C:\\Users\\Nikhil\\CPASS\\cpaas-web-app\\src\\containers\\VideoInfoPage\\__mock\\continuewatching.js","statementMap":{},"fnMap":{},"branchMap":{},"s":{},"f":{},"b":{},"_coverageSchema":"43e27e138ebf9cfc5966b082cf9a028302ed4184","hash":"7f9d546dd9dadf92d733b02676b159cb5dd7f5fb"}
,"C:\\Users\\Nikhil\\CPASS\\cpaas-web-app\\src\\containers\\VideoInfoPage\\__mock\\movies.js": {"path":"C:\\Users\\Nikhil\\CPASS\\cpaas-web-app\\src\\containers\\VideoInfoPage\\__mock\\movies.js","statementMap":{},"fnMap":{},"branchMap":{},"s":{},"f":{},"b":{},"_coverageSchema":"43e27e138ebf9cfc5966b082cf9a028302ed4184","hash":"c710b411330bc45bebbecb7bc0e00d007d222039"}
,"C:\\Users\\Nikhil\\CPASS\\cpaas-web-app\\src\\containers\\VideoInfoPage\\actions\\index.js": {"path":"C:\\Users\\Nikhil\\CPASS\\cpaas-web-app\\src\\containers\\VideoInfoPage\\actions\\index.js","statementMap":{"0":{"start":{"line":9,"column":23},"end":{"line":9,"column":69}},"1":{"start":{"line":9,"column":35},"end":{"line":9,"column":68}},"2":{"start":{"line":11,"column":18},"end":{"line":11,"column":66}},"3":{"start":{"line":11,"column":30},"end":{"line":11,"column":65}},"4":{"start":{"line":13,"column":33},"end":{"line":13,"column":89}},"5":{"start":{"line":13,"column":45},"end":{"line":13,"column":88}},"6":{"start":{"line":15,"column":25},"end":{"line":19,"column":1}},"7":{"start":{"line":15,"column":31},"end":{"line":19,"column":1}},"8":{"start":{"line":16,"column":4},"end":{"line":16,"column":38}},"9":{"start":{"line":17,"column":4},"end":{"line":17,"column":30}},"10":{"start":{"line":18,"column":4},"end":{"line":18,"column":55}}},"fnMap":{"0":{"name":"(anonymous_0)","decl":{"start":{"line":9,"column":23},"end":{"line":9,"column":24}},"loc":{"start":{"line":9,"column":35},"end":{"line":9,"column":68}},"line":9},"1":{"name":"(anonymous_1)","decl":{"start":{"line":11,"column":18},"end":{"line":11,"column":19}},"loc":{"start":{"line":11,"column":30},"end":{"line":11,"column":65}},"line":11},"2":{"name":"(anonymous_2)","decl":{"start":{"line":13,"column":33},"end":{"line":13,"column":34}},"loc":{"start":{"line":13,"column":45},"end":{"line":13,"column":88}},"line":13},"3":{"name":"(anonymous_3)","decl":{"start":{"line":15,"column":25},"end":{"line":15,"column":26}},"loc":{"start":{"line":15,"column":31},"end":{"line":19,"column":1}},"line":15},"4":{"name":"(anonymous_4)","decl":{"start":{"line":15,"column":31},"end":{"line":15,"column":32}},"loc":{"start":{"line":15,"column":51},"end":{"line":19,"column":1}},"line":15}},"branchMap":{},"s":{"0":2,"1":0,"2":2,"3":0,"4":2,"5":0,"6":2,"7":0,"8":0,"9":0,"10":0},"f":{"0":0,"1":0,"2":0,"3":0,"4":0},"b":{},"_coverageSchema":"43e27e138ebf9cfc5966b082cf9a028302ed4184","hash":"46e9c1d88d4c1830b28596d3026319c429bc1475"}
,"C:\\Users\\Nikhil\\CPASS\\cpaas-web-app\\src\\containers\\VideoInfoPage\\actions\\types.js": {"path":"C:\\Users\\Nikhil\\CPASS\\cpaas-web-app\\src\\containers\\VideoInfoPage\\actions\\types.js","statementMap":{"0":{"start":{"line":1,"column":21},"end":{"line":5,"column":1}}},"fnMap":{},"branchMap":{},"s":{"0":10},"f":{},"b":{},"_coverageSchema":"43e27e138ebf9cfc5966b082cf9a028302ed4184","hash":"d748f4ed8aab4c6e21b55b232391968955642382"}
,"C:\\Users\\Nikhil\\CPASS\\cpaas-web-app\\src\\containers\\VideoInfoPage\\reducers\\reducer.js": {"path":"C:\\Users\\Nikhil\\CPASS\\cpaas-web-app\\src\\containers\\VideoInfoPage\\reducers\\reducer.js","statementMap":{"0":{"start":{"line":4,"column":4},"end":{"line":9,"column":5}},"1":{"start":{"line":6,"column":12},"end":{"line":6,"column":33}},"2":{"start":{"line":8,"column":12},"end":{"line":8,"column":25}},"3":{"start":{"line":13,"column":4},"end":{"line":18,"column":5}},"4":{"start":{"line":15,"column":12},"end":{"line":15,"column":33}},"5":{"start":{"line":17,"column":12},"end":{"line":17,"column":25}},"6":{"start":{"line":22,"column":4},"end":{"line":27,"column":5}},"7":{"start":{"line":24,"column":12},"end":{"line":24,"column":33}},"8":{"start":{"line":26,"column":12},"end":{"line":26,"column":25}}},"fnMap":{"0":{"name":"videoInfo","decl":{"start":{"line":3,"column":24},"end":{"line":3,"column":33}},"loc":{"start":{"line":3,"column":54},"end":{"line":10,"column":1}},"line":3},"1":{"name":"movieInfo","decl":{"start":{"line":12,"column":16},"end":{"line":12,"column":25}},"loc":{"start":{"line":12,"column":46},"end":{"line":19,"column":1}},"line":12},"2":{"name":"continueWatchingMovieInfo","decl":{"start":{"line":21,"column":16},"end":{"line":21,"column":41}},"loc":{"start":{"line":21,"column":62},"end":{"line":28,"column":1}},"line":21}},"branchMap":{"0":{"loc":{"start":{"line":3,"column":34},"end":{"line":3,"column":44}},"type":"default-arg","locations":[{"start":{"line":3,"column":42},"end":{"line":3,"column":44}}],"line":3},"1":{"loc":{"start":{"line":4,"column":4},"end":{"line":9,"column":5}},"type":"switch","locations":[{"start":{"line":5,"column":8},"end":{"line":6,"column":33}},{"start":{"line":7,"column":8},"end":{"line":8,"column":25}}],"line":4},"2":{"loc":{"start":{"line":12,"column":26},"end":{"line":12,"column":36}},"type":"default-arg","locations":[{"start":{"line":12,"column":34},"end":{"line":12,"column":36}}],"line":12},"3":{"loc":{"start":{"line":13,"column":4},"end":{"line":18,"column":5}},"type":"switch","locations":[{"start":{"line":14,"column":8},"end":{"line":15,"column":33}},{"start":{"line":16,"column":8},"end":{"line":17,"column":25}}],"line":13},"4":{"loc":{"start":{"line":21,"column":42},"end":{"line":21,"column":52}},"type":"default-arg","locations":[{"start":{"line":21,"column":50},"end":{"line":21,"column":52}}],"line":21},"5":{"loc":{"start":{"line":22,"column":4},"end":{"line":27,"column":5}},"type":"switch","locations":[{"start":{"line":23,"column":8},"end":{"line":24,"column":33}},{"start":{"line":25,"column":8},"end":{"line":26,"column":25}}],"line":22}},"s":{"0":30,"1":1,"2":29,"3":28,"4":0,"5":28,"6":28,"7":0,"8":28},"f":{"0":30,"1":28,"2":28},"b":{"0":[30],"1":[1,29],"2":[28],"3":[0,28],"4":[28],"5":[0,28]},"_coverageSchema":"43e27e138ebf9cfc5966b082cf9a028302ed4184","hash":"dfa7865aedba22fd6924e2c354dfd90c624dc378"}
,"C:\\Users\\Nikhil\\CPASS\\cpaas-web-app\\src\\containers\\VideoPage\\VideoPage.jsx": {"path":"C:\\Users\\Nikhil\\CPASS\\cpaas-web-app\\src\\containers\\VideoPage\\VideoPage.jsx","statementMap":{"0":{"start":{"line":9,"column":34},"end":{"line":9,"column":49}},"1":{"start":{"line":10,"column":27},"end":{"line":10,"column":53}},"2":{"start":{"line":10,"column":33},"end":{"line":10,"column":53}},"3":{"start":{"line":11,"column":17},"end":{"line":18,"column":5}},"4":{"start":{"line":20,"column":4},"end":{"line":31,"column":5}},"5":{"start":{"line":28,"column":55},"end":{"line":28,"column":101}}},"fnMap":{"0":{"name":"VideoPage","decl":{"start":{"line":8,"column":9},"end":{"line":8,"column":18}},"loc":{"start":{"line":8,"column":20},"end":{"line":32,"column":1}},"line":8},"1":{"name":"(anonymous_1)","decl":{"start":{"line":10,"column":27},"end":{"line":10,"column":28}},"loc":{"start":{"line":10,"column":33},"end":{"line":10,"column":53}},"line":10},"2":{"name":"(anonymous_2)","decl":{"start":{"line":28,"column":48},"end":{"line":28,"column":49}},"loc":{"start":{"line":28,"column":54},"end":{"line":28,"column":102}},"line":28}},"branchMap":{},"s":{"0":0,"1":0,"2":0,"3":0,"4":0,"5":0},"f":{"0":0,"1":0,"2":0},"b":{},"hash":"b7ddea6adf55719e92abbbc6bcd409ed6d128a57"}
,"C:\\Users\\Nikhil\\CPASS\\cpaas-web-app\\src\\helpers\\aes.js": {"path":"C:\\Users\\Nikhil\\CPASS\\cpaas-web-app\\src\\helpers\\aes.js","statementMap":{"0":{"start":{"line":4,"column":16},"end":{"line":4,"column":38}},"1":{"start":{"line":5,"column":10},"end":{"line":8,"column":11}},"2":{"start":{"line":9,"column":9},"end":{"line":12,"column":11}},"3":{"start":{"line":13,"column":0},"end":{"line":13,"column":19}},"4":{"start":{"line":15,"column":23},"end":{"line":20,"column":1}},"5":{"start":{"line":16,"column":16},"end":{"line":16,"column":63}},"6":{"start":{"line":17,"column":14},"end":{"line":17,"column":46}},"7":{"start":{"line":18,"column":2},"end":{"line":18,"column":30}},"8":{"start":{"line":19,"column":2},"end":{"line":19,"column":15}},"9":{"start":{"line":22,"column":23},"end":{"line":27,"column":1}},"10":{"start":{"line":23,"column":14},"end":{"line":23,"column":63}},"11":{"start":{"line":24,"column":14},"end":{"line":24,"column":46}},"12":{"start":{"line":25,"column":2},"end":{"line":25,"column":31}},"13":{"start":{"line":26,"column":2},"end":{"line":26,"column":15}}},"fnMap":{"0":{"name":"(anonymous_0)","decl":{"start":{"line":15,"column":23},"end":{"line":15,"column":24}},"loc":{"start":{"line":15,"column":38},"end":{"line":20,"column":1}},"line":15},"1":{"name":"(anonymous_1)","decl":{"start":{"line":22,"column":23},"end":{"line":22,"column":24}},"loc":{"start":{"line":22,"column":38},"end":{"line":27,"column":1}},"line":22}},"branchMap":{"0":{"loc":{"start":{"line":7,"column":10},"end":{"line":7,"column":45}},"type":"binary-expr","locations":[{"start":{"line":7,"column":10},"end":{"line":7,"column":32}},{"start":{"line":7,"column":36},"end":{"line":7,"column":45}}],"line":7},"1":{"loc":{"start":{"line":11,"column":10},"end":{"line":11,"column":48}},"type":"binary-expr","locations":[{"start":{"line":11,"column":10},"end":{"line":11,"column":31}},{"start":{"line":11,"column":35},"end":{"line":11,"column":48}}],"line":11}},"s":{"0":0,"1":0,"2":0,"3":0,"4":0,"5":0,"6":0,"7":0,"8":0,"9":0,"10":0,"11":0,"12":0,"13":0},"f":{"0":0,"1":0},"b":{"0":[0,0],"1":[0,0]},"hash":"6547b4612da2c15fb0f140dbdb7f2f3deaf46431"}
,"C:\\Users\\Nikhil\\CPASS\\cpaas-web-app\\src\\helpers\\helper.js": {"path":"C:\\Users\\Nikhil\\CPASS\\cpaas-web-app\\src\\helpers\\helper.js","statementMap":{"0":{"start":{"line":1,"column":14},"end":{"line":1,"column":30}},"1":{"start":{"line":3,"column":0},"end":{"line":10,"column":1}},"2":{"start":{"line":4,"column":23},"end":{"line":8,"column":2}},"3":{"start":{"line":9,"column":1},"end":{"line":9,"column":32}}},"fnMap":{"0":{"name":"(anonymous_0)","decl":{"start":{"line":3,"column":18},"end":{"line":3,"column":19}},"loc":{"start":{"line":3,"column":55},"end":{"line":10,"column":1}},"line":3}},"branchMap":{"0":{"loc":{"start":{"line":3,"column":43},"end":{"line":3,"column":52}},"type":"default-arg","locations":[{"start":{"line":3,"column":50},"end":{"line":3,"column":52}}],"line":3}},"s":{"0":0,"1":0,"2":0,"3":0},"f":{"0":0},"b":{"0":[0]},"hash":"9bde8985c7973807cd846e06d22761760e264d5b"}
,"C:\\Users\\Nikhil\\CPASS\\cpaas-web-app\\src\\helpers\\index.js": {"path":"C:\\Users\\Nikhil\\CPASS\\cpaas-web-app\\src\\helpers\\index.js","statementMap":{},"fnMap":{},"branchMap":{},"s":{},"f":{},"b":{},"hash":"c0a8a740eaa2c5b0f56dedba84032ebbb8b72602"}
,"C:\\Users\\Nikhil\\CPASS\\cpaas-web-app\\src\\helpers\\prevurl.js": {"path":"C:\\Users\\Nikhil\\CPASS\\cpaas-web-app\\src\\helpers\\prevurl.js","statementMap":{"0":{"start":{"line":2,"column":16},"end":{"line":3,"column":25}},"1":{"start":{"line":3,"column":4},"end":{"line":3,"column":25}}},"fnMap":{"0":{"name":"(anonymous_0)","decl":{"start":{"line":2,"column":16},"end":{"line":2,"column":17}},"loc":{"start":{"line":3,"column":4},"end":{"line":3,"column":25}},"line":3}},"branchMap":{"0":{"loc":{"start":{"line":2,"column":17},"end":{"line":2,"column":25}},"type":"default-arg","locations":[{"start":{"line":2,"column":23},"end":{"line":2,"column":25}}],"line":2}},"s":{"0":0,"1":0},"f":{"0":0},"b":{"0":[0]},"hash":"e7245216e6bfdca8fcc29483e1d2e7ac6b328869"}
,"C:\\Users\\Nikhil\\CPASS\\cpaas-web-app\\src\\helpers\\store.js": {"path":"C:\\Users\\Nikhil\\CPASS\\cpaas-web-app\\src\\helpers\\store.js","statementMap":{"0":{"start":{"line":6,"column":27},"end":{"line":6,"column":44}},"1":{"start":{"line":7,"column":25},"end":{"line":7,"column":79}},"2":{"start":{"line":8,"column":25},"end":{"line":8,"column":39}},"3":{"start":{"line":10,"column":41},"end":{"line":10,"column":121}},"4":{"start":{"line":13,"column":21},"end":{"line":13,"column":59}}},"fnMap":{},"branchMap":{"0":{"loc":{"start":{"line":7,"column":25},"end":{"line":7,"column":79}},"type":"binary-expr","locations":[{"start":{"line":7,"column":25},"end":{"line":7,"column":68}},{"start":{"line":7,"column":72},"end":{"line":7,"column":79}}],"line":7}},"s":{"0":9,"1":9,"2":9,"3":9,"4":9},"f":{},"b":{"0":[9,9]},"_coverageSchema":"43e27e138ebf9cfc5966b082cf9a028302ed4184","hash":"b6d0af28bd1275ce491d630ae5ed26eab1e35d14"}
,"C:\\Users\\Nikhil\\CPASS\\cpaas-web-app\\src\\helpers\\HTTP\\helpers.js": {"path":"C:\\Users\\Nikhil\\CPASS\\cpaas-web-app\\src\\helpers\\HTTP\\helpers.js","statementMap":{"0":{"start":{"line":1,"column":29},"end":{"line":9,"column":1}},"1":{"start":{"line":2,"column":4},"end":{"line":8,"column":5}},"2":{"start":{"line":3,"column":8},"end":{"line":3,"column":24}},"3":{"start":{"line":5,"column":20},"end":{"line":5,"column":50}},"4":{"start":{"line":6,"column":8},"end":{"line":6,"column":34}},"5":{"start":{"line":7,"column":8},"end":{"line":7,"column":20}},"6":{"start":{"line":10,"column":27},"end":{"line":12,"column":1}},"7":{"start":{"line":11,"column":4},"end":{"line":11,"column":27}},"8":{"start":{"line":14,"column":36},"end":{"line":22,"column":1}},"9":{"start":{"line":15,"column":4},"end":{"line":15,"column":27}},"10":{"start":{"line":15,"column":17},"end":{"line":15,"column":27}},"11":{"start":{"line":16,"column":4},"end":{"line":21,"column":6}},"12":{"start":{"line":19,"column":24},"end":{"line":19,"column":58}},"13":{"start":{"line":24,"column":19},"end":{"line":29,"column":1}},"14":{"start":{"line":25,"column":24},"end":{"line":25,"column":52}},"15":{"start":{"line":26,"column":4},"end":{"line":28,"column":58}},"16":{"start":{"line":28,"column":40},"end":{"line":28,"column":56}},"17":{"start":{"line":31,"column":20},"end":{"line":38,"column":1}},"18":{"start":{"line":32,"column":4},"end":{"line":37,"column":58}},"19":{"start":{"line":37,"column":40},"end":{"line":37,"column":56}}},"fnMap":{"0":{"name":"(anonymous_0)","decl":{"start":{"line":1,"column":29},"end":{"line":1,"column":30}},"loc":{"start":{"line":1,"column":41},"end":{"line":9,"column":1}},"line":1},"1":{"name":"(anonymous_1)","decl":{"start":{"line":10,"column":27},"end":{"line":10,"column":28}},"loc":{"start":{"line":10,"column":39},"end":{"line":12,"column":1}},"line":10},"2":{"name":"(anonymous_2)","decl":{"start":{"line":14,"column":36},"end":{"line":14,"column":37}},"loc":{"start":{"line":14,"column":46},"end":{"line":22,"column":1}},"line":14},"3":{"name":"(anonymous_3)","decl":{"start":{"line":19,"column":17},"end":{"line":19,"column":18}},"loc":{"start":{"line":19,"column":24},"end":{"line":19,"column":58}},"line":19},"4":{"name":"(anonymous_4)","decl":{"start":{"line":24,"column":19},"end":{"line":24,"column":20}},"loc":{"start":{"line":24,"column":36},"end":{"line":29,"column":1}},"line":24},"5":{"name":"(anonymous_5)","decl":{"start":{"line":28,"column":33},"end":{"line":28,"column":34}},"loc":{"start":{"line":28,"column":40},"end":{"line":28,"column":56}},"line":28},"6":{"name":"(anonymous_6)","decl":{"start":{"line":31,"column":20},"end":{"line":31,"column":21}},"loc":{"start":{"line":31,"column":38},"end":{"line":38,"column":1}},"line":31},"7":{"name":"(anonymous_7)","decl":{"start":{"line":37,"column":33},"end":{"line":37,"column":34}},"loc":{"start":{"line":37,"column":40},"end":{"line":37,"column":56}},"line":37}},"branchMap":{"0":{"loc":{"start":{"line":2,"column":4},"end":{"line":8,"column":5}},"type":"if","locations":[{"start":{"line":2,"column":4},"end":{"line":8,"column":5}},{"start":{"line":2,"column":4},"end":{"line":8,"column":5}}],"line":2},"1":{"loc":{"start":{"line":2,"column":8},"end":{"line":2,"column":55}},"type":"binary-expr","locations":[{"start":{"line":2,"column":8},"end":{"line":2,"column":30}},{"start":{"line":2,"column":34},"end":{"line":2,"column":55}}],"line":2},"2":{"loc":{"start":{"line":15,"column":4},"end":{"line":15,"column":27}},"type":"if","locations":[{"start":{"line":15,"column":4},"end":{"line":15,"column":27}},{"start":{"line":15,"column":4},"end":{"line":15,"column":27}}],"line":15}},"s":{"0":0,"1":0,"2":0,"3":0,"4":0,"5":0,"6":0,"7":0,"8":0,"9":0,"10":0,"11":0,"12":0,"13":0,"14":0,"15":0,"16":0,"17":0,"18":0,"19":0},"f":{"0":0,"1":0,"2":0,"3":0,"4":0,"5":0,"6":0,"7":0},"b":{"0":[0,0],"1":[0,0],"2":[0,0]},"hash":"c562b87c2eab4c760de56d74cb693f0a688b7592"}
,"C:\\Users\\Nikhil\\CPASS\\cpaas-web-app\\src\\reducers\\index.js": {"path":"C:\\Users\\Nikhil\\CPASS\\cpaas-web-app\\src\\reducers\\index.js","statementMap":{"0":{"start":{"line":10,"column":20},"end":{"line":10,"column":66}},"1":{"start":{"line":14,"column":4},"end":{"line":14,"column":24}},"2":{"start":{"line":15,"column":4},"end":{"line":17,"column":5}},"3":{"start":{"line":16,"column":8},"end":{"line":16,"column":81}},"4":{"start":{"line":18,"column":4},"end":{"line":24,"column":5}},"5":{"start":{"line":19,"column":8},"end":{"line":19,"column":83}},"6":{"start":{"line":20,"column":11},"end":{"line":24,"column":5}},"7":{"start":{"line":21,"column":8},"end":{"line":21,"column":21}},"8":{"start":{"line":23,"column":8},"end":{"line":23,"column":21}},"9":{"start":{"line":27,"column":20},"end":{"line":27,"column":128}}},"fnMap":{"0":{"name":"reducer","decl":{"start":{"line":13,"column":9},"end":{"line":13,"column":16}},"loc":{"start":{"line":13,"column":46},"end":{"line":25,"column":1}},"line":13}},"branchMap":{"0":{"loc":{"start":{"line":13,"column":17},"end":{"line":13,"column":36}},"type":"default-arg","locations":[{"start":{"line":13,"column":25},"end":{"line":13,"column":36}}],"line":13},"1":{"loc":{"start":{"line":15,"column":4},"end":{"line":17,"column":5}},"type":"if","locations":[{"start":{"line":15,"column":4},"end":{"line":17,"column":5}},{"start":{"line":15,"column":4},"end":{"line":17,"column":5}}],"line":15},"2":{"loc":{"start":{"line":18,"column":4},"end":{"line":24,"column":5}},"type":"if","locations":[{"start":{"line":18,"column":4},"end":{"line":24,"column":5}},{"start":{"line":18,"column":4},"end":{"line":24,"column":5}}],"line":18},"3":{"loc":{"start":{"line":20,"column":11},"end":{"line":24,"column":5}},"type":"if","locations":[{"start":{"line":20,"column":11},"end":{"line":24,"column":5}},{"start":{"line":20,"column":11},"end":{"line":24,"column":5}}],"line":20}},"s":{"0":9,"1":28,"2":28,"3":0,"4":28,"5":0,"6":28,"7":0,"8":28,"9":9},"f":{"0":28},"b":{"0":[28],"1":[0,28],"2":[0,28],"3":[0,28]},"_coverageSchema":"43e27e138ebf9cfc5966b082cf9a028302ed4184","hash":"976e384ec204bf2d3f678c77a08343fe7670cc48"}
,"C:\\Users\\Nikhil\\CPASS\\cpaas-web-app\\src\\services\\api.service.js": {"path":"C:\\Users\\Nikhil\\CPASS\\cpaas-web-app\\src\\services\\api.service.js","statementMap":{"0":{"start":{"line":4,"column":31},"end":{"line":7,"column":1}},"1":{"start":{"line":10,"column":14},"end":{"line":10,"column":47}},"2":{"start":{"line":11,"column":25},"end":{"line":18,"column":3}},"3":{"start":{"line":19,"column":2},"end":{"line":25,"column":7}},"4":{"start":{"line":23,"column":6},"end":{"line":23,"column":67}},"5":{"start":{"line":24,"column":6},"end":{"line":24,"column":18}},"6":{"start":{"line":30,"column":2},"end":{"line":30,"column":38}},"7":{"start":{"line":34,"column":2},"end":{"line":46,"column":5}},"8":{"start":{"line":35,"column":17},"end":{"line":35,"column":41}},"9":{"start":{"line":36,"column":4},"end":{"line":44,"column":5}},"10":{"start":{"line":37,"column":6},"end":{"line":40,"column":7}},"11":{"start":{"line":39,"column":8},"end":{"line":39,"column":17}},"12":{"start":{"line":42,"column":8},"end":{"line":42,"column":69}},"13":{"start":{"line":43,"column":6},"end":{"line":43,"column":35}},"14":{"start":{"line":45,"column":4},"end":{"line":45,"column":16}}},"fnMap":{"0":{"name":"login","decl":{"start":{"line":9,"column":15},"end":{"line":9,"column":20}},"loc":{"start":{"line":9,"column":23},"end":{"line":26,"column":1}},"line":9},"1":{"name":"(anonymous_1)","decl":{"start":{"line":21,"column":10},"end":{"line":21,"column":11}},"loc":{"start":{"line":21,"column":20},"end":{"line":25,"column":5}},"line":21},"2":{"name":"logout","decl":{"start":{"line":28,"column":9},"end":{"line":28,"column":15}},"loc":{"start":{"line":28,"column":18},"end":{"line":31,"column":1}},"line":28},"3":{"name":"handleResponse","decl":{"start":{"line":33,"column":9},"end":{"line":33,"column":23}},"loc":{"start":{"line":33,"column":34},"end":{"line":47,"column":1}},"line":33},"4":{"name":"(anonymous_4)","decl":{"start":{"line":34,"column":30},"end":{"line":34,"column":31}},"loc":{"start":{"line":34,"column":40},"end":{"line":46,"column":3}},"line":34}},"branchMap":{"0":{"loc":{"start":{"line":35,"column":17},"end":{"line":35,"column":41}},"type":"binary-expr","locations":[{"start":{"line":35,"column":17},"end":{"line":35,"column":21}},{"start":{"line":35,"column":25},"end":{"line":35,"column":41}}],"line":35},"1":{"loc":{"start":{"line":36,"column":4},"end":{"line":44,"column":5}},"type":"if","locations":[{"start":{"line":36,"column":4},"end":{"line":44,"column":5}},{"start":{"line":36,"column":4},"end":{"line":44,"column":5}}],"line":36},"2":{"loc":{"start":{"line":37,"column":6},"end":{"line":40,"column":7}},"type":"if","locations":[{"start":{"line":37,"column":6},"end":{"line":40,"column":7}},{"start":{"line":37,"column":6},"end":{"line":40,"column":7}}],"line":37},"3":{"loc":{"start":{"line":42,"column":8},"end":{"line":42,"column":69}},"type":"binary-expr","locations":[{"start":{"line":42,"column":9},"end":{"line":42,"column":13}},{"start":{"line":42,"column":18},"end":{"line":42,"column":28}},{"start":{"line":42,"column":32},"end":{"line":42,"column":44}},{"start":{"line":42,"column":50},"end":{"line":42,"column":69}}],"line":42}},"s":{"0":0,"1":0,"2":0,"3":0,"4":0,"5":0,"6":0,"7":0,"8":0,"9":0,"10":0,"11":0,"12":0,"13":0,"14":0},"f":{"0":0,"1":0,"2":0,"3":0,"4":0},"b":{"0":[0,0],"1":[0,0],"2":[0,0],"3":[0,0,0,0]},"hash":"6e299cc0a364569c4f3ba278d3649b80b2730191"}
,"C:\\Users\\Nikhil\\CPASS\\cpaas-web-app\\src\\services\\config.js": {"path":"C:\\Users\\Nikhil\\CPASS\\cpaas-web-app\\src\\services\\config.js","statementMap":{"0":{"start":{"line":1,"column":22},"end":{"line":10,"column":3}}},"fnMap":{},"branchMap":{},"s":{"0":0},"f":{},"b":{},"hash":"16bb496dc3ce5c616cf75950287ea8bff71a3c0a"}
,"C:\\Users\\Nikhil\\CPASS\\cpaas-web-app\\src\\services\\index.js": {"path":"C:\\Users\\Nikhil\\CPASS\\cpaas-web-app\\src\\services\\index.js","statementMap":{},"fnMap":{},"branchMap":{},"s":{},"f":{},"b":{},"hash":"a61eaeb35215ff3c02bb3ab58b25181bbfc8fa6c"}
,"C:\\Users\\Nikhil\\CPASS\\cpaas-web-app\\src\\testing-utils\\utils\\index.js": {"path":"C:\\Users\\Nikhil\\CPASS\\cpaas-web-app\\src\\testing-utils\\utils\\index.js","statementMap":{"0":{"start":{"line":7,"column":26},"end":{"line":10,"column":1}},"1":{"start":{"line":8,"column":20},"end":{"line":8,"column":95}},"2":{"start":{"line":9,"column":4},"end":{"line":9,"column":18}},"3":{"start":{"line":12,"column":30},"end":{"line":15,"column":1}},"4":{"start":{"line":13,"column":20},"end":{"line":13,"column":59}},"5":{"start":{"line":14,"column":4},"end":{"line":14,"column":18}},"6":{"start":{"line":17,"column":25},"end":{"line":21,"column":1}},"7":{"start":{"line":18,"column":38},"end":{"line":18,"column":82}},"8":{"start":{"line":19,"column":4},"end":{"line":19,"column":63}}},"fnMap":{"0":{"name":"(anonymous_0)","decl":{"start":{"line":7,"column":26},"end":{"line":7,"column":27}},"loc":{"start":{"line":7,"column":56},"end":{"line":10,"column":1}},"line":7},"1":{"name":"(anonymous_1)","decl":{"start":{"line":12,"column":30},"end":{"line":12,"column":31}},"loc":{"start":{"line":12,"column":51},"end":{"line":15,"column":1}},"line":12},"2":{"name":"(anonymous_2)","decl":{"start":{"line":17,"column":25},"end":{"line":17,"column":26}},"loc":{"start":{"line":17,"column":43},"end":{"line":21,"column":1}},"line":17}},"branchMap":{},"s":{"0":9,"1":5,"2":5,"3":9,"4":12,"5":12,"6":9,"7":1,"8":1},"f":{"0":5,"1":12,"2":1},"b":{},"_coverageSchema":"43e27e138ebf9cfc5966b082cf9a028302ed4184","hash":"18ae6a3384fd97e16120444a5043f58494555838"}
}
