TN:
SF:C:\Users\Nikhil\CPASS\cpaas-web-app\src\index.jsx
FNF:0
FNH:0
DA:7,0
DA:8,0
DA:10,0
LF:3
LH:0
BRF:0
BRH:0
end_of_record
TN:
SF:C:\Users\Nikhil\CPASS\cpaas-web-app\src\UI_Frontendlib\atoms\RatingsButton\index.js
FN:7,(anonymous_0)
FN:12,(anonymous_1)
FN:16,(anonymous_2)
FN:20,(anonymous_3)
FN:27,(anonymous_4)
FNF:5
FNH:3
FNDA:2,(anonymous_0)
FNDA:0,(anonymous_1)
FNDA:0,(anonymous_2)
FNDA:2,(anonymous_3)
FNDA:2,(anonymous_4)
DA:4,3
DA:8,2
DA:9,2
DA:13,0
DA:21,2
DA:22,2
DA:28,2
DA:30,2
DA:31,0
DA:34,2
DA:36,2
DA:45,3
LF:12
LH:10
BRDA:21,0,0,2
BRDA:21,0,1,0
BRDA:28,1,0,2
BRDA:30,2,0,0
BRDA:30,2,1,2
BRDA:34,3,0,0
BRDA:34,3,1,2
BRF:7
BRH:4
end_of_record
TN:
SF:C:\Users\Nikhil\CPASS\cpaas-web-app\src\UI_Frontendlib\atoms\linerprogress\index.js
FN:6,(anonymous_0)
FN:26,CustomizedProgressBars
FNF:2
FNH:1
FNDA:0,(anonymous_0)
FNDA:2,CustomizedProgressBars
DA:6,2
DA:20,2
DA:27,2
DA:29,2
DA:30,1
DA:33,1
DA:40,2
LF:7
LH:7
BRDA:12,0,0,0
BRDA:12,0,1,0
BRDA:29,1,0,1
BRDA:29,1,1,1
BRF:4
BRH:2
end_of_record
TN:
SF:C:\Users\Nikhil\CPASS\cpaas-web-app\src\UI_Frontendlib\atoms\ratings\ratings.js
FN:27,(anonymous_0)
FN:32,(anonymous_1)
FN:36,(anonymous_2)
FN:40,(anonymous_3)
FNF:4
FNH:2
FNDA:3,(anonymous_0)
FNDA:0,(anonymous_1)
FNDA:0,(anonymous_2)
FNDA:3,(anonymous_3)
DA:10,3
DA:19,3
DA:28,3
DA:29,3
DA:33,0
DA:41,3
DA:43,3
DA:44,1
DA:46,2
DA:47,2
DA:59,3
LF:11
LH:10
BRDA:43,0,0,1
BRDA:43,0,1,2
BRDA:46,1,0,0
BRDA:46,1,1,2
BRDA:48,2,0,0
BRDA:48,2,1,2
BRDA:49,3,0,2
BRDA:49,3,1,0
BRF:8
BRH:5
end_of_record
TN:
SF:C:\Users\Nikhil\CPASS\cpaas-web-app\src\UI_Frontendlib\icons\Icons\IconArrowDown.js
FN:3,(anonymous_0)
FNF:1
FNH:0
FNDA:0,(anonymous_0)
DA:3,1
DA:4,0
LF:2
LH:1
BRF:0
BRH:0
end_of_record
TN:
SF:C:\Users\Nikhil\CPASS\cpaas-web-app\src\UI_Frontendlib\icons\Icons\IconCross.js
FN:3,(anonymous_0)
FNF:1
FNH:0
FNDA:0,(anonymous_0)
DA:3,1
DA:4,0
LF:2
LH:1
BRF:0
BRH:0
end_of_record
TN:
SF:C:\Users\Nikhil\CPASS\cpaas-web-app\src\UI_Frontendlib\molecules\AutoPlaySlider\index.js
FN:11,(anonymous_0)
FNF:1
FNH:1
FNDA:2,(anonymous_0)
DA:8,1
DA:12,2
DA:13,2
DA:14,2
DA:15,1
DA:18,1
DA:45,1
LF:7
LH:7
BRDA:14,0,0,1
BRDA:14,0,1,1
BRF:2
BRH:2
end_of_record
TN:
SF:C:\Users\Nikhil\CPASS\cpaas-web-app\src\UI_Frontendlib\molecules\Search\index.jsx
FN:12,(anonymous_0)
FNF:1
FNH:1
FNDA:2,(anonymous_0)
DA:3,2
DA:13,2
DA:14,2
DA:15,1
DA:17,1
DA:25,2
LF:6
LH:6
BRDA:14,0,0,1
BRDA:14,0,1,1
BRF:2
BRH:2
end_of_record
TN:
SF:C:\Users\Nikhil\CPASS\cpaas-web-app\src\UI_Frontendlib\molecules\Slider\Content.js
FN:6,(anonymous_0)
FNF:1
FNH:0
FNDA:0,(anonymous_0)
DA:4,1
DA:6,1
DA:7,0
LF:3
LH:2
BRDA:17,0,0,0
BRDA:17,0,1,0
BRF:2
BRH:0
end_of_record
TN:
SF:C:\Users\Nikhil\CPASS\cpaas-web-app\src\UI_Frontendlib\molecules\Slider\Item.js
FN:9,(anonymous_0)
FN:11,(anonymous_1)
FN:20,(anonymous_2)
FN:27,(anonymous_3)
FNF:4
FNH:0
FNDA:0,(anonymous_0)
FNDA:0,(anonymous_1)
FNDA:0,(anonymous_2)
FNDA:0,(anonymous_3)
DA:7,1
DA:9,1
DA:10,0
DA:12,0
DA:14,0
DA:20,0
DA:27,0
LF:7
LH:2
BRDA:12,0,0,0
BRDA:12,0,1,0
BRDA:23,1,0,0
BRDA:23,1,1,0
BRDA:26,2,0,0
BRDA:26,2,1,0
BRDA:28,3,0,0
BRDA:28,3,1,0
BRF:8
BRH:0
end_of_record
TN:
SF:C:\Users\Nikhil\CPASS\cpaas-web-app\src\UI_Frontendlib\molecules\Slider\Mark.js
FN:5,(anonymous_0)
FNF:1
FNH:0
FNDA:0,(anonymous_0)
DA:3,1
DA:5,1
LF:2
LH:2
BRF:0
BRH:0
end_of_record
TN:
SF:C:\Users\Nikhil\CPASS\cpaas-web-app\src\UI_Frontendlib\molecules\Slider\ShowDetailsButton.js
FN:6,(anonymous_0)
FNF:1
FNH:0
FNDA:0,(anonymous_0)
DA:4,1
DA:6,1
DA:7,0
LF:3
LH:2
BRF:0
BRH:0
end_of_record
TN:
SF:C:\Users\Nikhil\CPASS\cpaas-web-app\src\UI_Frontendlib\molecules\Slider\SlideButton.js
FN:6,(anonymous_0)
FNF:1
FNH:0
FNDA:0,(anonymous_0)
DA:4,1
DA:6,1
DA:7,0
LF:3
LH:2
BRF:0
BRH:0
end_of_record
TN:
SF:C:\Users\Nikhil\CPASS\cpaas-web-app\src\UI_Frontendlib\molecules\Slider\Slider.js
FN:12,(anonymous_0)
FN:24,(anonymous_1)
FN:28,(anonymous_2)
FNF:3
FNH:0
FNDA:0,(anonymous_0)
FNDA:0,(anonymous_1)
FNDA:0,(anonymous_2)
DA:10,1
DA:12,1
DA:13,0
DA:14,0
DA:22,0
DA:24,0
DA:25,0
DA:28,0
DA:29,0
DA:32,0
DA:39,0
LF:11
LH:2
BRDA:47,0,0,0
BRDA:47,0,1,0
BRDA:48,1,0,0
BRDA:48,1,1,0
BRDA:50,2,0,0
BRDA:50,2,1,0
BRF:6
BRH:0
end_of_record
TN:
SF:C:\Users\Nikhil\CPASS\cpaas-web-app\src\UI_Frontendlib\molecules\Slider\SliderWrapper.js
FN:5,(anonymous_0)
FNF:1
FNH:0
FNDA:0,(anonymous_0)
DA:3,1
DA:5,1
DA:6,0
LF:3
LH:2
BRF:0
BRH:0
end_of_record
TN:
SF:C:\Users\Nikhil\CPASS\cpaas-web-app\src\UI_Frontendlib\molecules\Slider\context.js
FNF:0
FNH:0
DA:3,1
LF:1
LH:1
BRF:0
BRH:0
end_of_record
TN:
SF:C:\Users\Nikhil\CPASS\cpaas-web-app\src\UI_Frontendlib\molecules\Slider\index.js
FNF:0
FNH:0
DA:4,1
LF:1
LH:1
BRF:0
BRH:0
end_of_record
TN:
SF:C:\Users\Nikhil\CPASS\cpaas-web-app\src\UI_Frontendlib\molecules\Slider\useSizeElement.js
FN:3,(anonymous_0)
FN:7,(anonymous_1)
FNF:2
FNH:0
FNDA:0,(anonymous_0)
FNDA:0,(anonymous_1)
DA:3,1
DA:4,0
DA:5,0
DA:7,0
DA:8,0
DA:11,0
LF:6
LH:1
BRF:0
BRH:0
end_of_record
TN:
SF:C:\Users\Nikhil\CPASS\cpaas-web-app\src\UI_Frontendlib\molecules\Slider\useSliding.js
FN:5,(anonymous_0)
FN:12,(anonymous_1)
FN:19,(anonymous_2)
FN:24,(anonymous_3)
FNF:4
FNH:0
FNDA:0,(anonymous_0)
FNDA:0,(anonymous_1)
FNDA:0,(anonymous_2)
FNDA:0,(anonymous_3)
DA:3,1
DA:5,1
DA:6,0
DA:7,0
DA:8,0
DA:9,0
DA:10,0
DA:12,0
DA:13,0
DA:15,0
DA:16,0
DA:19,0
DA:20,0
DA:21,0
DA:24,0
DA:25,0
DA:26,0
DA:29,0
DA:33,0
DA:34,0
DA:36,0
LF:21
LH:2
BRF:0
BRH:0
end_of_record
TN:
SF:C:\Users\Nikhil\CPASS\cpaas-web-app\src\actions\apiToken.action.js
FN:10,login
FN:11,(anonymous_1)
FN:14,(anonymous_2)
FN:17,(anonymous_3)
FN:24,request
FN:27,success
FN:30,failure
FN:35,logout
FNF:8
FNH:0
FNDA:0,login
FNDA:0,(anonymous_1)
FNDA:0,(anonymous_2)
FNDA:0,(anonymous_3)
FNDA:0,request
FNDA:0,success
FNDA:0,failure
FNDA:0,logout
DA:5,0
DA:11,0
DA:12,0
DA:13,0
DA:15,0
DA:18,0
DA:25,0
DA:28,0
DA:31,0
DA:36,0
DA:37,0
LF:11
LH:0
BRF:0
BRH:0
end_of_record
TN:
SF:C:\Users\Nikhil\CPASS\cpaas-web-app\src\actions\example.action.js
FN:8,(anonymous_0)
FN:17,(anonymous_1)
FN:26,(anonymous_2)
FNF:3
FNH:0
FNDA:0,(anonymous_0)
FNDA:0,(anonymous_1)
FNDA:0,(anonymous_2)
DA:1,9
DA:2,9
DA:3,9
DA:4,9
DA:5,9
DA:6,9
DA:8,9
DA:9,0
DA:17,9
DA:18,0
DA:26,9
DA:27,0
DA:28,0
LF:13
LH:9
BRF:0
BRH:0
end_of_record
TN:
SF:C:\Users\Nikhil\CPASS\cpaas-web-app\src\actions\index.js
FNF:0
FNH:0
LF:0
LH:0
BRF:0
BRH:0
end_of_record
TN:
SF:C:\Users\Nikhil\CPASS\cpaas-web-app\src\components\Carosal\index.jsx
FN:7,(anonymous_0)
FN:13,(anonymous_1)
FN:14,(anonymous_2)
FN:14,(anonymous_3)
FN:22,(anonymous_4)
FN:24,(anonymous_5)
FNF:6
FNH:0
FNDA:0,(anonymous_0)
FNDA:0,(anonymous_1)
FNDA:0,(anonymous_2)
FNDA:0,(anonymous_3)
FNDA:0,(anonymous_4)
FNDA:0,(anonymous_5)
DA:8,0
DA:13,0
DA:14,0
DA:15,0
DA:22,0
DA:28,0
DA:30,0
LF:7
LH:0
BRF:0
BRH:0
end_of_record
TN:
SF:C:\Users\Nikhil\CPASS\cpaas-web-app\src\components\Dialogs\SignupLoginModal.jsx
FN:5,(anonymous_0)
FNF:1
FNH:0
FNDA:0,(anonymous_0)
DA:7,0
DA:8,0
DA:12,0
DA:23,0
DA:31,0
DA:77,0
LF:6
LH:0
BRDA:7,0,0,0
BRDA:7,0,1,0
BRF:2
BRH:0
end_of_record
TN:
SF:C:\Users\Nikhil\CPASS\cpaas-web-app\src\components\Footer\footer.js
FN:5,Footer
FNF:1
FNH:0
FNDA:0,Footer
DA:3,1
DA:6,0
LF:2
LH:1
BRF:0
BRH:0
end_of_record
TN:
SF:C:\Users\Nikhil\CPASS\cpaas-web-app\src\components\FullSideNav\FullSideNav.jsx
FN:15,FullSideNav
FNF:1
FNH:0
FNDA:0,FullSideNav
DA:18,0
LF:1
LH:0
BRF:0
BRH:0
end_of_record
TN:
SF:C:\Users\Nikhil\CPASS\cpaas-web-app\src\components\HeroBanner\index.jsx
FN:16,(anonymous_0)
FN:36,(anonymous_1)
FN:90,(anonymous_2)
FN:100,(anonymous_3)
FN:129,(anonymous_4)
FN:140,(anonymous_5)
FNF:6
FNH:0
FNDA:0,(anonymous_0)
FNDA:0,(anonymous_1)
FNDA:0,(anonymous_2)
FNDA:0,(anonymous_3)
FNDA:0,(anonymous_4)
FNDA:0,(anonymous_5)
DA:8,2
DA:17,0
DA:37,0
DA:92,0
DA:100,0
DA:102,0
DA:105,0
DA:110,0
DA:130,0
DA:141,0
LF:10
LH:1
BRF:0
BRH:0
end_of_record
TN:
SF:C:\Users\Nikhil\CPASS\cpaas-web-app\src\components\Player\Player.js
FN:9,(anonymous_0)
FN:20,(anonymous_1)
FN:26,(anonymous_2)
FNF:3
FNH:0
FNDA:0,(anonymous_0)
FNDA:0,(anonymous_1)
FNDA:0,(anonymous_2)
DA:6,0
DA:7,0
DA:10,0
DA:11,0
DA:12,0
DA:15,0
DA:16,0
DA:21,0
DA:22,0
DA:27,0
LF:10
LH:0
BRDA:11,0,0,0
BRDA:11,0,1,0
BRDA:21,1,0,0
BRDA:21,1,1,0
BRF:4
BRH:0
end_of_record
TN:
SF:C:\Users\Nikhil\CPASS\cpaas-web-app\src\components\Router\routes.jsx
FN:9,Routes
FNF:1
FNH:0
FNDA:0,Routes
DA:10,0
LF:1
LH:0
BRF:0
BRH:0
end_of_record
TN:
SF:C:\Users\Nikhil\CPASS\cpaas-web-app\src\components\SideNav\SideNav.jsx
FN:13,SideNav
FNF:1
FNH:0
FNDA:0,SideNav
DA:14,0
DA:15,0
LF:2
LH:0
BRF:0
BRH:0
end_of_record
TN:
SF:C:\Users\Nikhil\CPASS\cpaas-web-app\src\components\partials\Header\index.js
FN:5,(anonymous_0)
FNF:1
FNH:1
FNDA:1,(anonymous_0)
DA:6,1
LF:1
LH:1
BRF:0
BRH:0
end_of_record
TN:
SF:C:\Users\Nikhil\CPASS\cpaas-web-app\src\constants\apiToken.constants.js
FNF:0
FNH:0
DA:1,0
LF:1
LH:0
BRF:0
BRH:0
end_of_record
TN:
SF:C:\Users\Nikhil\CPASS\cpaas-web-app\src\constants\index.js
FNF:0
FNH:0
LF:0
LH:0
BRF:0
BRH:0
end_of_record
TN:
SF:C:\Users\Nikhil\CPASS\cpaas-web-app\src\containers\App\App.jsx
FN:10,App
FN:15,(anonymous_1)
FNF:2
FNH:0
FNDA:0,App
FNDA:0,(anonymous_1)
DA:12,0
DA:15,0
DA:16,0
DA:25,0
LF:4
LH:0
BRF:0
BRH:0
end_of_record
TN:
SF:C:\Users\Nikhil\CPASS\cpaas-web-app\src\containers\ErrorPage\ErrorPage.jsx
FN:5,(anonymous_0)
FNF:1
FNH:0
FNDA:0,(anonymous_0)
DA:6,0
LF:1
LH:0
BRF:0
BRH:0
end_of_record
TN:
SF:C:\Users\Nikhil\CPASS\cpaas-web-app\src\containers\ErrorPage\index.js
FNF:0
FNH:0
LF:0
LH:0
BRF:0
BRH:0
end_of_record
TN:
SF:C:\Users\Nikhil\CPASS\cpaas-web-app\src\containers\HomePage\HomePage.jsx
FN:20,HomePage
FN:28,(anonymous_1)
FN:29,(anonymous_2)
FNF:3
FNH:0
FNDA:0,HomePage
FNDA:0,(anonymous_1)
FNDA:0,(anonymous_2)
DA:18,0
DA:21,0
DA:26,0
DA:27,0
DA:28,0
DA:29,0
DA:31,0
DA:34,0
DA:46,0
LF:9
LH:0
BRF:0
BRH:0
end_of_record
TN:
SF:C:\Users\Nikhil\CPASS\cpaas-web-app\src\containers\HomePage\index.js
FNF:0
FNH:0
LF:0
LH:0
BRF:0
BRH:0
end_of_record
TN:
SF:C:\Users\Nikhil\CPASS\cpaas-web-app\src\containers\SignUpPage\SignUpPage.jsx
FN:6,SignUpPage
FN:14,(anonymous_1)
FNF:2
FNH:0
FNDA:0,SignUpPage
FNDA:0,(anonymous_1)
DA:7,0
DA:12,0
DA:14,0
DA:16,0
DA:17,0
LF:5
LH:0
BRF:0
BRH:0
end_of_record
TN:
SF:C:\Users\Nikhil\CPASS\cpaas-web-app\src\containers\SignUpPage\index.js
FNF:0
FNH:0
LF:0
LH:0
BRF:0
BRH:0
end_of_record
TN:
SF:C:\Users\Nikhil\CPASS\cpaas-web-app\src\containers\VideoInfoPage\ErrorBoundary.js
FN:4,(anonymous_0)
FN:9,(anonymous_1)
FN:14,(anonymous_2)
FN:19,(anonymous_3)
FNF:4
FNH:0
FNDA:0,(anonymous_0)
FNDA:0,(anonymous_1)
FNDA:0,(anonymous_2)
FNDA:0,(anonymous_3)
DA:5,0
DA:6,0
DA:11,0
DA:20,0
DA:22,0
DA:25,0
LF:6
LH:0
BRDA:20,0,0,0
BRDA:20,0,1,0
BRF:2
BRH:0
end_of_record
TN:
SF:C:\Users\Nikhil\CPASS\cpaas-web-app\src\containers\VideoInfoPage\VideoInfoPage.js
FN:23,(anonymous_0)
FN:35,(anonymous_1)
FN:49,(anonymous_2)
FN:55,(anonymous_3)
FN:64,(anonymous_4)
FN:69,(anonymous_5)
FN:77,(anonymous_6)
FN:82,(anonymous_7)
FN:90,VideoInfoPage
FN:92,(anonymous_9)
FN:96,(anonymous_10)
FN:122,(anonymous_11)
FNF:12
FNH:0
FNDA:0,(anonymous_0)
FNDA:0,(anonymous_1)
FNDA:0,(anonymous_2)
FNDA:0,(anonymous_3)
FNDA:0,(anonymous_4)
FNDA:0,(anonymous_5)
FNDA:0,(anonymous_6)
FNDA:0,(anonymous_7)
FNDA:0,VideoInfoPage
FNDA:0,(anonymous_9)
FNDA:0,(anonymous_10)
FNDA:0,(anonymous_11)
DA:23,1
DA:24,0
DA:28,0
DA:35,1
DA:36,0
DA:49,1
DA:50,0
DA:56,0
DA:64,1
DA:65,0
DA:70,0
DA:77,1
DA:78,0
DA:83,0
DA:91,0
DA:92,0
DA:94,0
DA:96,0
DA:97,0
DA:100,0
DA:116,1
DA:122,1
DA:123,0
LF:23
LH:7
BRDA:49,0,0,0
BRDA:49,1,0,0
BRDA:64,2,0,0
BRDA:64,3,0,0
BRDA:77,4,0,0
BRDA:77,5,0,0
BRDA:107,6,0,0
BRDA:107,6,1,0
BRDA:108,7,0,0
BRDA:108,7,1,0
BRDA:109,8,0,0
BRDA:109,8,1,0
BRF:12
BRH:0
end_of_record
TN:
SF:C:\Users\Nikhil\CPASS\cpaas-web-app\src\containers\VideoInfoPage\__mock\cast.js
FNF:0
FNH:0
LF:0
LH:0
BRF:0
BRH:0
end_of_record
TN:
SF:C:\Users\Nikhil\CPASS\cpaas-web-app\src\containers\VideoInfoPage\__mock\continuewatching.js
FNF:0
FNH:0
LF:0
LH:0
BRF:0
BRH:0
end_of_record
TN:
SF:C:\Users\Nikhil\CPASS\cpaas-web-app\src\containers\VideoInfoPage\__mock\movies.js
FNF:0
FNH:0
LF:0
LH:0
BRF:0
BRH:0
end_of_record
TN:
SF:C:\Users\Nikhil\CPASS\cpaas-web-app\src\containers\VideoInfoPage\actions\index.js
FN:9,(anonymous_0)
FN:11,(anonymous_1)
FN:13,(anonymous_2)
FN:15,(anonymous_3)
FN:15,(anonymous_4)
FNF:5
FNH:0
FNDA:0,(anonymous_0)
FNDA:0,(anonymous_1)
FNDA:0,(anonymous_2)
FNDA:0,(anonymous_3)
FNDA:0,(anonymous_4)
DA:9,2
DA:11,2
DA:13,2
DA:15,2
DA:16,0
DA:17,0
DA:18,0
LF:7
LH:4
BRF:0
BRH:0
end_of_record
TN:
SF:C:\Users\Nikhil\CPASS\cpaas-web-app\src\containers\VideoInfoPage\actions\types.js
FNF:0
FNH:0
DA:1,10
LF:1
LH:1
BRF:0
BRH:0
end_of_record
TN:
SF:C:\Users\Nikhil\CPASS\cpaas-web-app\src\containers\VideoInfoPage\reducers\reducer.js
FN:3,videoInfo
FN:12,movieInfo
FN:21,continueWatchingMovieInfo
FNF:3
FNH:3
FNDA:30,videoInfo
FNDA:28,movieInfo
FNDA:28,continueWatchingMovieInfo
DA:4,30
DA:6,1
DA:8,29
DA:13,28
DA:15,0
DA:17,28
DA:22,28
DA:24,0
DA:26,28
LF:9
LH:7
BRDA:3,0,0,30
BRDA:4,1,0,1
BRDA:4,1,1,29
BRDA:12,2,0,28
BRDA:13,3,0,0
BRDA:13,3,1,28
BRDA:21,4,0,28
BRDA:22,5,0,0
BRDA:22,5,1,28
BRF:9
BRH:7
end_of_record
TN:
SF:C:\Users\Nikhil\CPASS\cpaas-web-app\src\containers\VideoPage\VideoPage.jsx
FN:8,VideoPage
FN:10,(anonymous_1)
FN:28,(anonymous_2)
FNF:3
FNH:0
FNDA:0,VideoPage
FNDA:0,(anonymous_1)
FNDA:0,(anonymous_2)
DA:9,0
DA:10,0
DA:11,0
DA:20,0
DA:28,0
LF:5
LH:0
BRF:0
BRH:0
end_of_record
TN:
SF:C:\Users\Nikhil\CPASS\cpaas-web-app\src\helpers\aes.js
FN:15,(anonymous_0)
FN:22,(anonymous_1)
FNF:2
FNH:0
FNDA:0,(anonymous_0)
FNDA:0,(anonymous_1)
DA:4,0
DA:5,0
DA:9,0
DA:13,0
DA:15,0
DA:16,0
DA:17,0
DA:18,0
DA:19,0
DA:22,0
DA:23,0
DA:24,0
DA:25,0
DA:26,0
LF:14
LH:0
BRDA:7,0,0,0
BRDA:7,0,1,0
BRDA:11,1,0,0
BRDA:11,1,1,0
BRF:4
BRH:0
end_of_record
TN:
SF:C:\Users\Nikhil\CPASS\cpaas-web-app\src\helpers\helper.js
FN:3,(anonymous_0)
FNF:1
FNH:0
FNDA:0,(anonymous_0)
DA:1,0
DA:3,0
DA:4,0
DA:9,0
LF:4
LH:0
BRDA:3,0,0,0
BRF:1
BRH:0
end_of_record
TN:
SF:C:\Users\Nikhil\CPASS\cpaas-web-app\src\helpers\index.js
FNF:0
FNH:0
LF:0
LH:0
BRF:0
BRH:0
end_of_record
TN:
SF:C:\Users\Nikhil\CPASS\cpaas-web-app\src\helpers\prevurl.js
FN:2,(anonymous_0)
FNF:1
FNH:0
FNDA:0,(anonymous_0)
DA:2,0
DA:3,0
LF:2
LH:0
BRDA:2,0,0,0
BRF:1
BRH:0
end_of_record
TN:
SF:C:\Users\Nikhil\CPASS\cpaas-web-app\src\helpers\store.js
FNF:0
FNH:0
DA:6,9
DA:7,9
DA:8,9
DA:10,9
DA:13,9
LF:5
LH:5
BRDA:7,0,0,9
BRDA:7,0,1,9
BRF:2
BRH:2
end_of_record
TN:
SF:C:\Users\Nikhil\CPASS\cpaas-web-app\src\helpers\HTTP\helpers.js
FN:1,(anonymous_0)
FN:10,(anonymous_1)
FN:14,(anonymous_2)
FN:19,(anonymous_3)
FN:24,(anonymous_4)
FN:28,(anonymous_5)
FN:31,(anonymous_6)
FN:37,(anonymous_7)
FNF:8
FNH:0
FNDA:0,(anonymous_0)
FNDA:0,(anonymous_1)
FNDA:0,(anonymous_2)
FNDA:0,(anonymous_3)
FNDA:0,(anonymous_4)
FNDA:0,(anonymous_5)
FNDA:0,(anonymous_6)
FNDA:0,(anonymous_7)
DA:1,0
DA:2,0
DA:3,0
DA:5,0
DA:6,0
DA:7,0
DA:10,0
DA:11,0
DA:14,0
DA:15,0
DA:16,0
DA:19,0
DA:24,0
DA:25,0
DA:26,0
DA:28,0
DA:31,0
DA:32,0
DA:37,0
LF:19
LH:0
BRDA:2,0,0,0
BRDA:2,0,1,0
BRDA:2,1,0,0
BRDA:2,1,1,0
BRDA:15,2,0,0
BRDA:15,2,1,0
BRF:6
BRH:0
end_of_record
TN:
SF:C:\Users\Nikhil\CPASS\cpaas-web-app\src\reducers\index.js
FN:13,reducer
FNF:1
FNH:1
FNDA:28,reducer
DA:10,9
DA:14,28
DA:15,28
DA:16,0
DA:18,28
DA:19,0
DA:20,28
DA:21,0
DA:23,28
DA:27,9
LF:10
LH:7
BRDA:13,0,0,28
BRDA:15,1,0,0
BRDA:15,1,1,28
BRDA:18,2,0,0
BRDA:18,2,1,28
BRDA:20,3,0,0
BRDA:20,3,1,28
BRF:7
BRH:4
end_of_record
TN:
SF:C:\Users\Nikhil\CPASS\cpaas-web-app\src\services\api.service.js
FN:9,login
FN:21,(anonymous_1)
FN:28,logout
FN:33,handleResponse
FN:34,(anonymous_4)
FNF:5
FNH:0
FNDA:0,login
FNDA:0,(anonymous_1)
FNDA:0,logout
FNDA:0,handleResponse
FNDA:0,(anonymous_4)
DA:4,0
DA:10,0
DA:11,0
DA:19,0
DA:23,0
DA:24,0
DA:30,0
DA:34,0
DA:35,0
DA:36,0
DA:37,0
DA:39,0
DA:42,0
DA:43,0
DA:45,0
LF:15
LH:0
BRDA:35,0,0,0
BRDA:35,0,1,0
BRDA:36,1,0,0
BRDA:36,1,1,0
BRDA:37,2,0,0
BRDA:37,2,1,0
BRDA:42,3,0,0
BRDA:42,3,1,0
BRDA:42,3,2,0
BRDA:42,3,3,0
BRF:10
BRH:0
end_of_record
TN:
SF:C:\Users\Nikhil\CPASS\cpaas-web-app\src\services\config.js
FNF:0
FNH:0
DA:1,0
LF:1
LH:0
BRF:0
BRH:0
end_of_record
TN:
SF:C:\Users\Nikhil\CPASS\cpaas-web-app\src\services\index.js
FNF:0
FNH:0
LF:0
LH:0
BRF:0
BRH:0
end_of_record
TN:
SF:C:\Users\Nikhil\CPASS\cpaas-web-app\src\testing-utils\utils\index.js
FN:7,(anonymous_0)
FN:12,(anonymous_1)
FN:17,(anonymous_2)
FNF:3
FNH:3
FNDA:5,(anonymous_0)
FNDA:12,(anonymous_1)
FNDA:1,(anonymous_2)
DA:7,9
DA:8,5
DA:9,5
DA:12,9
DA:13,12
DA:14,12
DA:17,9
DA:18,1
DA:19,1
LF:9
LH:9
BRF:0
BRH:0
end_of_record
